{"/home/travis/build/npmtest/node-npmtest-rho/test.js":{"path":"/home/travis/build/npmtest/node-npmtest-rho/test.js","s":{"1":2,"2":2,"3":2,"4":2,"5":2,"6":2,"7":2,"8":1,"9":2,"10":2,"11":1,"12":1,"13":1,"14":1,"15":2,"16":2,"17":2,"18":2,"19":1,"20":1,"21":2,"22":2,"23":2,"24":1,"25":1,"26":1,"27":1,"28":1,"29":1,"30":1,"31":1,"32":1,"33":1,"34":1,"35":1,"36":1,"37":1,"38":1,"39":2,"40":2,"41":1,"42":2,"43":2,"44":1,"45":2,"46":2,"47":1,"48":2,"49":2,"50":1,"51":1,"52":1,"53":1,"54":1},"b":{"1":[2,1,1,1],"2":[1,1,1,1],"3":[1,1],"4":[1,1],"5":[1,1],"6":[1,1],"7":[1,1],"8":[1,1],"9":[1,1],"10":[1,1,1],"11":[1,1],"12":[1,1],"13":[1,1],"14":[1,1],"15":[1,1],"16":[1,1],"17":[1,1]},"f":{"1":2,"2":2,"3":2,"4":2,"5":2,"6":1,"7":1,"8":1,"9":2,"10":2,"11":2,"12":2,"13":1},"fnMap":{"1":{"name":"(anonymous_1)","line":12,"loc":{"start":{"line":12,"column":1},"end":{"line":12,"column":13}}},"2":{"name":"(anonymous_2)","line":19,"loc":{"start":{"line":19,"column":5},"end":{"line":19,"column":17}}},"3":{"name":"(anonymous_3)","line":23,"loc":{"start":{"line":23,"column":24},"end":{"line":23,"column":36}}},"4":{"name":"(anonymous_4)","line":61,"loc":{"start":{"line":61,"column":5},"end":{"line":61,"column":17}}},"5":{"name":"(anonymous_5)","line":82,"loc":{"start":{"line":82,"column":5},"end":{"line":82,"column":17}}},"6":{"name":"(anonymous_6)","line":91,"loc":{"start":{"line":91,"column":77},"end":{"line":94,"column":10}}},"7":{"name":"(anonymous_7)","line":112,"loc":{"start":{"line":112,"column":83},"end":{"line":115,"column":10}},"skip":true},"8":{"name":"(anonymous_8)","line":123,"loc":{"start":{"line":123,"column":77},"end":{"line":126,"column":10}},"skip":true},"9":{"name":"(anonymous_9)","line":139,"loc":{"start":{"line":139,"column":12},"end":{"line":139,"column":40}},"skip":true},"10":{"name":"(anonymous_10)","line":147,"loc":{"start":{"line":147,"column":77},"end":{"line":150,"column":10}},"skip":true},"11":{"name":"(anonymous_11)","line":158,"loc":{"start":{"line":158,"column":83},"end":{"line":161,"column":10}},"skip":true},"12":{"name":"(anonymous_12)","line":169,"loc":{"start":{"line":169,"column":79},"end":{"line":172,"column":10}},"skip":true},"13":{"name":"(anonymous_13)","line":180,"loc":{"start":{"line":180,"column":75},"end":{"line":183,"column":10}},"skip":true}},"statementMap":{"1":{"start":{"line":12,"column":0},"end":{"line":195,"column":5}},"2":{"start":{"line":14,"column":4},"end":{"line":14,"column":14}},"3":{"start":{"line":19,"column":4},"end":{"line":56,"column":9}},"4":{"start":{"line":21,"column":8},"end":{"line":21,"column":19}},"5":{"start":{"line":23,"column":8},"end":{"line":35,"column":13}},"6":{"start":{"line":24,"column":12},"end":{"line":34,"column":13}},"7":{"start":{"line":25,"column":16},"end":{"line":28,"column":30}},"8":{"start":{"line":30,"column":16},"end":{"line":33,"column":27}},"9":{"start":{"line":37,"column":8},"end":{"line":39,"column":21}},"10":{"start":{"line":40,"column":8},"end":{"line":53,"column":9}},"11":{"start":{"line":43,"column":12},"end":{"line":46,"column":14}},"12":{"start":{"line":47,"column":12},"end":{"line":47,"column":18}},"13":{"start":{"line":50,"column":12},"end":{"line":51,"column":33}},"14":{"start":{"line":52,"column":12},"end":{"line":52,"column":18}},"15":{"start":{"line":55,"column":8},"end":{"line":55,"column":35}},"16":{"start":{"line":61,"column":4},"end":{"line":63,"column":9}},"17":{"start":{"line":62,"column":8},"end":{"line":62,"column":15}},"18":{"start":{"line":64,"column":4},"end":{"line":77,"column":5}},"19":{"start":{"line":70,"column":8},"end":{"line":70,"column":14}},"20":{"start":{"line":76,"column":8},"end":{"line":76,"column":14}},"21":{"start":{"line":82,"column":4},"end":{"line":84,"column":9}},"22":{"start":{"line":83,"column":8},"end":{"line":83,"column":15}},"23":{"start":{"line":85,"column":4},"end":{"line":194,"column":5}},"24":{"start":{"line":91,"column":8},"end":{"line":99,"column":10}},"25":{"start":{"line":98,"column":12},"end":{"line":98,"column":35}},"26":{"start":{"line":102,"column":8},"end":{"line":104,"column":63}},"27":{"start":{"line":105,"column":8},"end":{"line":105,"column":14}},"28":{"start":{"line":112,"column":8},"end":{"line":121,"column":10},"skip":true},"29":{"start":{"line":119,"column":12},"end":{"line":119,"column":55},"skip":true},"30":{"start":{"line":120,"column":12},"end":{"line":120,"column":48},"skip":true},"31":{"start":{"line":123,"column":8},"end":{"line":136,"column":10},"skip":true},"32":{"start":{"line":130,"column":12},"end":{"line":130,"column":76},"skip":true},"33":{"start":{"line":131,"column":12},"end":{"line":131,"column":73},"skip":true},"34":{"start":{"line":132,"column":12},"end":{"line":132,"column":74},"skip":true},"35":{"start":{"line":133,"column":12},"end":{"line":133,"column":79},"skip":true},"36":{"start":{"line":134,"column":12},"end":{"line":134,"column":25},"skip":true},"37":{"start":{"line":135,"column":12},"end":{"line":135,"column":45},"skip":true},"38":{"start":{"line":138,"column":8},"end":{"line":145,"column":14},"skip":true},"39":{"start":{"line":143,"column":16},"end":{"line":143,"column":29},"skip":true},"40":{"start":{"line":144,"column":16},"end":{"line":144,"column":55},"skip":true},"41":{"start":{"line":147,"column":8},"end":{"line":156,"column":10},"skip":true},"42":{"start":{"line":154,"column":12},"end":{"line":154,"column":25},"skip":true},"43":{"start":{"line":155,"column":12},"end":{"line":155,"column":45},"skip":true},"44":{"start":{"line":158,"column":8},"end":{"line":167,"column":10},"skip":true},"45":{"start":{"line":165,"column":12},"end":{"line":165,"column":25},"skip":true},"46":{"start":{"line":166,"column":12},"end":{"line":166,"column":48},"skip":true},"47":{"start":{"line":169,"column":8},"end":{"line":178,"column":10},"skip":true},"48":{"start":{"line":176,"column":12},"end":{"line":176,"column":25},"skip":true},"49":{"start":{"line":177,"column":12},"end":{"line":177,"column":46},"skip":true},"50":{"start":{"line":180,"column":8},"end":{"line":189,"column":10},"skip":true},"51":{"start":{"line":187,"column":12},"end":{"line":187,"column":94},"skip":true},"52":{"start":{"line":188,"column":12},"end":{"line":188,"column":48},"skip":true},"53":{"start":{"line":192,"column":8},"end":{"line":192,"column":35},"skip":true},"54":{"start":{"line":193,"column":8},"end":{"line":193,"column":14},"skip":true}},"branchMap":{"1":{"line":25,"type":"binary-expr","locations":[{"start":{"line":25,"column":23},"end":{"line":25,"column":62}},{"start":{"line":26,"column":20},"end":{"line":26,"column":70}},{"start":{"line":27,"column":20},"end":{"line":27,"column":71}},{"start":{"line":28,"column":20},"end":{"line":28,"column":29}}]},"2":{"line":30,"type":"binary-expr","locations":[{"start":{"line":30,"column":23},"end":{"line":30,"column":37}},{"start":{"line":31,"column":20},"end":{"line":31,"column":61}},{"start":{"line":32,"column":20},"end":{"line":32,"column":70}},{"start":{"line":33,"column":20},"end":{"line":33,"column":26}}]},"3":{"line":37,"type":"cond-expr","locations":[{"start":{"line":38,"column":14},"end":{"line":38,"column":20}},{"start":{"line":39,"column":14},"end":{"line":39,"column":20}}]},"4":{"line":40,"type":"switch","locations":[{"start":{"line":42,"column":8},"end":{"line":47,"column":18}},{"start":{"line":49,"column":8},"end":{"line":52,"column":18}}]},"5":{"line":44,"type":"binary-expr","locations":[{"start":{"line":44,"column":16},"end":{"line":44,"column":44}},{"start":{"line":44,"column":48},"end":{"line":44,"column":66}}]},"6":{"line":50,"type":"binary-expr","locations":[{"start":{"line":50,"column":21},"end":{"line":50,"column":49}},{"start":{"line":50,"column":53},"end":{"line":50,"column":72}}]},"7":{"line":64,"type":"switch","locations":[{"start":{"line":69,"column":4},"end":{"line":70,"column":14}},{"start":{"line":75,"column":4},"end":{"line":76,"column":14}}]},"8":{"line":85,"type":"switch","locations":[{"start":{"line":90,"column":4},"end":{"line":105,"column":14}},{"start":{"line":111,"column":4},"end":{"line":193,"column":14},"skip":true}]},"9":{"line":91,"type":"binary-expr","locations":[{"start":{"line":91,"column":42},"end":{"line":91,"column":73}},{"start":{"line":91,"column":77},"end":{"line":99,"column":9}}]},"10":{"line":102,"type":"binary-expr","locations":[{"start":{"line":102,"column":18},"end":{"line":102,"column":32}},{"start":{"line":103,"column":12},"end":{"line":103,"column":53}},{"start":{"line":104,"column":12},"end":{"line":104,"column":61}}]},"11":{"line":112,"type":"binary-expr","locations":[{"start":{"line":112,"column":45},"end":{"line":112,"column":79},"skip":true},{"start":{"line":112,"column":83},"end":{"line":121,"column":9},"skip":true}]},"12":{"line":123,"type":"binary-expr","locations":[{"start":{"line":123,"column":42},"end":{"line":123,"column":73},"skip":true},{"start":{"line":123,"column":77},"end":{"line":136,"column":9},"skip":true}]},"13":{"line":138,"type":"binary-expr","locations":[{"start":{"line":138,"column":48},"end":{"line":138,"column":85},"skip":true},{"start":{"line":139,"column":12},"end":{"line":145,"column":13},"skip":true}]},"14":{"line":147,"type":"binary-expr","locations":[{"start":{"line":147,"column":42},"end":{"line":147,"column":73},"skip":true},{"start":{"line":147,"column":77},"end":{"line":156,"column":9},"skip":true}]},"15":{"line":158,"type":"binary-expr","locations":[{"start":{"line":158,"column":45},"end":{"line":158,"column":79},"skip":true},{"start":{"line":158,"column":83},"end":{"line":167,"column":9},"skip":true}]},"16":{"line":169,"type":"binary-expr","locations":[{"start":{"line":169,"column":43},"end":{"line":169,"column":75},"skip":true},{"start":{"line":169,"column":79},"end":{"line":178,"column":9},"skip":true}]},"17":{"line":180,"type":"binary-expr","locations":[{"start":{"line":180,"column":41},"end":{"line":180,"column":71},"skip":true},{"start":{"line":180,"column":75},"end":{"line":189,"column":9},"skip":true}]}},"code":["/* istanbul instrument in package npmtest_rho */","/*jslint","    bitwise: true,","    browser: true,","    maxerr: 8,","    maxlen: 96,","    node: true,","    nomen: true,","    regexp: true,","    stupid: true","*/","(function () {","    'use strict';","    var local;","","","","    // run shared js-env code - init-before","    (function () {","        // init local","        local = {};","        // init modeJs","        local.modeJs = (function () {","            try {","                return typeof navigator.userAgent === 'string' &&","                    typeof document.querySelector('body') === 'object' &&","                    typeof XMLHttpRequest.prototype.open === 'function' &&","                    'browser';","            } catch (errorCaughtBrowser) {","                return module.exports &&","                    typeof process.versions.node === 'string' &&","                    typeof require('http').createServer === 'function' &&","                    'node';","            }","        }());","        // init global","        local.global = local.modeJs === 'browser'","            ? window","            : global;","        switch (local.modeJs) {","        // re-init local from window.local","        case 'browser':","            local = local.global.utility2.objectSetDefault(","                local.global.utility2_rollup || local.global.local,","                local.global.utility2","            );","            break;","        // re-init local from example.js","        case 'node':","            local = (local.global.utility2_rollup || require('utility2'))","                .requireReadme();","            break;","        }","        // export local","        local.global.local = local;","    }());","","","","    // run shared js-env code - function","    (function () {","        return;","    }());","    switch (local.modeJs) {","","","","    // run browser js-env code - function","    case 'browser':","        break;","","","","    // run node js-env code - function","    case 'node':","        break;","    }","","","","    // run shared js-env code - init-after","    (function () {","        return;","    }());","    switch (local.modeJs) {","","","","    // run browser js-env code - init-after","    case 'browser':","        local.testCase_browser_nullCase = local.testCase_browser_nullCase || function (","            options,","            onError","        ) {","        /*","         * this function will test browsers's null-case handling-behavior-behavior","         */","            onError(null, options);","        };","","        // run tests","        local.nop(local.modeTest &&","            document.querySelector('#testRunButton1') &&","            document.querySelector('#testRunButton1').click());","        break;","","","","    // run node js-env code - init-after","    /* istanbul ignore next */","    case 'node':","        local.testCase_buildApidoc_default = local.testCase_buildApidoc_default || function (","            options,","            onError","        ) {","        /*","         * this function will test buildApidoc's default handling-behavior-behavior","         */","            options = { modulePathList: module.paths };","            local.buildApidoc(options, onError);","        };","","        local.testCase_buildApp_default = local.testCase_buildApp_default || function (","            options,","            onError","        ) {","        /*","         * this function will test buildApp's default handling-behavior-behavior","         */","            local.testCase_buildReadme_default(options, local.onErrorThrow);","            local.testCase_buildLib_default(options, local.onErrorThrow);","            local.testCase_buildTest_default(options, local.onErrorThrow);","            local.testCase_buildCustomOrg_default(options, local.onErrorThrow);","            options = [];","            local.buildApp(options, onError);","        };","","        local.testCase_buildCustomOrg_default = local.testCase_buildCustomOrg_default ||","            function (options, onError) {","            /*","             * this function will test buildCustomOrg's default handling-behavior","             */","                options = {};","                local.buildCustomOrg(options, onError);","            };","","        local.testCase_buildLib_default = local.testCase_buildLib_default || function (","            options,","            onError","        ) {","        /*","         * this function will test buildLib's default handling-behavior","         */","            options = {};","            local.buildLib(options, onError);","        };","","        local.testCase_buildReadme_default = local.testCase_buildReadme_default || function (","            options,","            onError","        ) {","        /*","         * this function will test buildReadme's default handling-behavior-behavior","         */","            options = {};","            local.buildReadme(options, onError);","        };","","        local.testCase_buildTest_default = local.testCase_buildTest_default || function (","            options,","            onError","        ) {","        /*","         * this function will test buildTest's default handling-behavior","         */","            options = {};","            local.buildTest(options, onError);","        };","","        local.testCase_webpage_default = local.testCase_webpage_default || function (","            options,","            onError","        ) {","        /*","         * this function will test webpage's default handling-behavior","         */","            options = { modeCoverageMerge: true, url: local.serverLocalHost + '?modeTest=1' };","            local.browserTest(options, onError);","        };","","        // run test-server","        local.testRunServer(local);","        break;","    }","}());",""],"l":{"12":2,"14":2,"19":2,"21":2,"23":2,"24":2,"25":2,"30":1,"37":2,"40":2,"43":1,"47":1,"50":1,"52":1,"55":2,"61":2,"62":2,"64":2,"70":1,"76":1,"82":2,"83":2,"85":2,"91":1,"98":1,"102":1,"105":1,"112":1,"119":1,"120":1,"123":1,"130":1,"131":1,"132":1,"133":1,"134":1,"135":1,"138":1,"143":2,"144":2,"147":1,"154":2,"155":2,"158":1,"165":2,"166":2,"169":1,"176":2,"177":2,"180":1,"187":1,"188":1,"192":1,"193":1}},"/home/travis/build/npmtest/node-npmtest-rho/lib.npmtest_rho.js":{"path":"/home/travis/build/npmtest/node-npmtest-rho/lib.npmtest_rho.js","s":{"1":2,"2":2,"3":2,"4":2,"5":2,"6":2,"7":2,"8":1,"9":2,"10":2,"11":2,"12":2,"13":1,"14":1,"15":1,"16":1},"b":{"1":[2,1,1,1],"2":[1,1,1,1],"3":[1,1],"4":[2,2],"5":[1,1]},"f":{"1":2,"2":2,"3":2},"fnMap":{"1":{"name":"(anonymous_1)","line":12,"loc":{"start":{"line":12,"column":1},"end":{"line":12,"column":13}}},"2":{"name":"(anonymous_2)","line":19,"loc":{"start":{"line":19,"column":5},"end":{"line":19,"column":17}}},"3":{"name":"(anonymous_3)","line":23,"loc":{"start":{"line":23,"column":24},"end":{"line":23,"column":36}}}},"statementMap":{"1":{"start":{"line":12,"column":0},"end":{"line":53,"column":5}},"2":{"start":{"line":14,"column":4},"end":{"line":14,"column":14}},"3":{"start":{"line":19,"column":4},"end":{"line":52,"column":9}},"4":{"start":{"line":21,"column":8},"end":{"line":21,"column":19}},"5":{"start":{"line":23,"column":8},"end":{"line":35,"column":13}},"6":{"start":{"line":24,"column":12},"end":{"line":34,"column":13}},"7":{"start":{"line":25,"column":16},"end":{"line":28,"column":30}},"8":{"start":{"line":30,"column":16},"end":{"line":33,"column":27}},"9":{"start":{"line":37,"column":8},"end":{"line":39,"column":21}},"10":{"start":{"line":41,"column":8},"end":{"line":41,"column":54}},"11":{"start":{"line":43,"column":8},"end":{"line":43,"column":48}},"12":{"start":{"line":45,"column":8},"end":{"line":51,"column":9}},"13":{"start":{"line":46,"column":12},"end":{"line":46,"column":54}},"14":{"start":{"line":48,"column":12},"end":{"line":48,"column":35}},"15":{"start":{"line":49,"column":12},"end":{"line":49,"column":49}},"16":{"start":{"line":50,"column":12},"end":{"line":50,"column":43}}},"branchMap":{"1":{"line":25,"type":"binary-expr","locations":[{"start":{"line":25,"column":23},"end":{"line":25,"column":62}},{"start":{"line":26,"column":20},"end":{"line":26,"column":70}},{"start":{"line":27,"column":20},"end":{"line":27,"column":71}},{"start":{"line":28,"column":20},"end":{"line":28,"column":29}}]},"2":{"line":30,"type":"binary-expr","locations":[{"start":{"line":30,"column":23},"end":{"line":30,"column":37}},{"start":{"line":31,"column":20},"end":{"line":31,"column":61}},{"start":{"line":32,"column":20},"end":{"line":32,"column":70}},{"start":{"line":33,"column":20},"end":{"line":33,"column":26}}]},"3":{"line":37,"type":"cond-expr","locations":[{"start":{"line":38,"column":14},"end":{"line":38,"column":20}},{"start":{"line":39,"column":14},"end":{"line":39,"column":20}}]},"4":{"line":41,"type":"binary-expr","locations":[{"start":{"line":41,"column":16},"end":{"line":41,"column":44}},{"start":{"line":41,"column":48},"end":{"line":41,"column":53}}]},"5":{"line":45,"type":"if","locations":[{"start":{"line":45,"column":8},"end":{"line":45,"column":8}},{"start":{"line":45,"column":8},"end":{"line":45,"column":8}}]}},"code":["/* istanbul instrument in package npmtest_rho */","/*jslint","    bitwise: true,","    browser: true,","    maxerr: 8,","    maxlen: 96,","    node: true,","    nomen: true,","    regexp: true,","    stupid: true","*/","(function () {","    'use strict';","    var local;","","","","    // run shared js-env code - init-before","    (function () {","        // init local","        local = {};","        // init modeJs","        local.modeJs = (function () {","            try {","                return typeof navigator.userAgent === 'string' &&","                    typeof document.querySelector('body') === 'object' &&","                    typeof XMLHttpRequest.prototype.open === 'function' &&","                    'browser';","            } catch (errorCaughtBrowser) {","                return module.exports &&","                    typeof process.versions.node === 'string' &&","                    typeof require('http').createServer === 'function' &&","                    'node';","            }","        }());","        // init global","        local.global = local.modeJs === 'browser'","            ? window","            : global;","        // init utility2_rollup","        local = local.global.utility2_rollup || local;","        // init lib","        local.local = local.npmtest_rho = local;","        // init exports","        if (local.modeJs === 'browser') {","            local.global.utility2_npmtest_rho = local;","        } else {","            module.exports = local;","            module.exports.__dirname = __dirname;","            module.exports.module = module;","        }","    }());","}());",""],"l":{"12":2,"14":2,"19":2,"21":2,"23":2,"24":2,"25":2,"30":1,"37":2,"41":2,"43":2,"45":2,"46":1,"48":1,"49":1,"50":1}},"/home/travis/build/npmtest/node-npmtest-rho/example.js":{"path":"/home/travis/build/npmtest/node-npmtest-rho/example.js","s":{"1":2,"2":2,"3":2,"4":2,"5":2,"6":2,"7":2,"8":1,"9":2,"10":2,"11":2,"12":2,"13":1,"14":2,"15":2,"16":2,"17":2,"18":2,"19":0,"20":2,"21":1,"22":1,"23":1,"24":1,"25":1,"26":0,"27":0,"28":1,"29":1,"30":2,"31":0,"32":0,"33":0,"34":1,"35":2,"36":2,"37":3,"38":3,"39":3,"40":3,"41":0,"42":3,"43":3,"44":3,"45":1,"46":3,"47":1,"48":1,"49":1,"50":1,"51":1,"52":1,"53":1,"54":1,"55":1,"56":1,"57":0,"58":1,"59":6,"60":6,"61":1,"62":2,"63":0,"64":2,"65":1,"66":1,"67":0,"68":0,"69":0,"70":0,"71":0,"72":0,"73":0,"74":0,"75":0,"76":0,"77":0,"78":0,"79":0,"80":0,"81":0,"82":0,"83":0},"b":{"1":[2,1,1,1],"2":[1,1,1,1],"3":[1,1],"4":[2,2],"5":[1,1],"6":[1,1],"7":[2,0],"8":[2,1,1,1,1,1],"9":[0,2,0],"10":[1,1],"11":[2,1,1],"12":[1,0],"13":[0,2],"14":[2,0,0,0,0,0,0],"15":[0,3],"16":[3,0],"17":[1,1],"18":[0,1],"19":[1,2,0,2],"20":[1,0],"21":[1,1],"22":[0,0],"23":[0,0],"24":[0,0],"25":[0,0],"26":[0,0],"27":[0,0],"28":[0,0]},"f":{"1":2,"2":2,"3":2,"4":2,"5":2,"6":2,"7":3,"8":3,"9":3,"10":1,"11":6,"12":0},"fnMap":{"1":{"name":"(anonymous_1)","line":26,"loc":{"start":{"line":26,"column":1},"end":{"line":26,"column":13}}},"2":{"name":"(anonymous_2)","line":33,"loc":{"start":{"line":33,"column":5},"end":{"line":33,"column":17}}},"3":{"name":"(anonymous_3)","line":37,"loc":{"start":{"line":37,"column":24},"end":{"line":37,"column":36}}},"4":{"name":"(anonymous_4)","line":69,"loc":{"start":{"line":69,"column":31},"end":{"line":69,"column":48}},"skip":true},"5":{"name":"(anonymous_5)","line":78,"loc":{"start":{"line":78,"column":26},"end":{"line":78,"column":45}},"skip":true},"6":{"name":"(anonymous_6)","line":123,"loc":{"start":{"line":123,"column":33},"end":{"line":123,"column":48}},"skip":true},"7":{"name":"(anonymous_7)","line":125,"loc":{"start":{"line":125,"column":27},"end":{"line":125,"column":39}},"skip":true},"8":{"name":"(anonymous_8)","line":133,"loc":{"start":{"line":133,"column":59},"end":{"line":133,"column":74}},"skip":true},"9":{"name":"(anonymous_9)","line":143,"loc":{"start":{"line":143,"column":45},"end":{"line":143,"column":62}},"skip":true},"10":{"name":"(anonymous_10)","line":144,"loc":{"start":{"line":144,"column":73},"end":{"line":144,"column":92}},"skip":true},"11":{"name":"(anonymous_11)","line":272,"loc":{"start":{"line":272,"column":51},"end":{"line":272,"column":77}},"skip":true},"12":{"name":"(anonymous_12)","line":315,"loc":{"start":{"line":315,"column":32},"end":{"line":315,"column":61}},"skip":true}},"statementMap":{"1":{"start":{"line":26,"column":0},"end":{"line":326,"column":5}},"2":{"start":{"line":28,"column":4},"end":{"line":28,"column":14}},"3":{"start":{"line":33,"column":4},"end":{"line":60,"column":9}},"4":{"start":{"line":35,"column":8},"end":{"line":35,"column":19}},"5":{"start":{"line":37,"column":8},"end":{"line":49,"column":13}},"6":{"start":{"line":38,"column":12},"end":{"line":48,"column":13}},"7":{"start":{"line":39,"column":16},"end":{"line":42,"column":30}},"8":{"start":{"line":44,"column":16},"end":{"line":47,"column":27}},"9":{"start":{"line":51,"column":8},"end":{"line":53,"column":21}},"10":{"start":{"line":55,"column":8},"end":{"line":57,"column":45}},"11":{"start":{"line":59,"column":8},"end":{"line":59,"column":35}},"12":{"start":{"line":61,"column":4},"end":{"line":325,"column":5}},"13":{"start":{"line":69,"column":8},"end":{"line":121,"column":10},"skip":true},"14":{"start":{"line":70,"column":12},"end":{"line":88,"column":13},"skip":true},"15":{"start":{"line":76,"column":16},"end":{"line":87,"column":19},"skip":true},"16":{"start":{"line":79,"column":20},"end":{"line":86,"column":21},"skip":true},"17":{"start":{"line":82,"column":24},"end":{"line":82,"column":43},"skip":true},"18":{"start":{"line":83,"column":24},"end":{"line":83,"column":30},"skip":true},"19":{"start":{"line":85,"column":24},"end":{"line":85,"column":49},"skip":true},"20":{"start":{"line":89,"column":12},"end":{"line":107,"column":13},"skip":true},"21":{"start":{"line":92,"column":16},"end":{"line":102,"column":17},"skip":true},"22":{"start":{"line":93,"column":20},"end":{"line":93,"column":86},"skip":true},"23":{"start":{"line":94,"column":20},"end":{"line":95,"column":45},"skip":true},"24":{"start":{"line":96,"column":20},"end":{"line":96,"column":42},"skip":true},"25":{"start":{"line":97,"column":20},"end":{"line":97,"column":48},"skip":true},"26":{"start":{"line":100,"column":20},"end":{"line":100,"column":85},"skip":true},"27":{"start":{"line":101,"column":20},"end":{"line":101,"column":96},"skip":true},"28":{"start":{"line":103,"column":16},"end":{"line":103,"column":22},"skip":true},"29":{"start":{"line":106,"column":16},"end":{"line":106,"column":22},"skip":true},"30":{"start":{"line":108,"column":12},"end":{"line":120,"column":13},"skip":true},"31":{"start":{"line":114,"column":16},"end":{"line":119,"column":17},"skip":true},"32":{"start":{"line":116,"column":20},"end":{"line":116,"column":78},"skip":true},"33":{"start":{"line":118,"column":20},"end":{"line":118,"column":47},"skip":true},"34":{"start":{"line":123,"column":8},"end":{"line":141,"column":11},"skip":true},"35":{"start":{"line":124,"column":12},"end":{"line":124,"column":54},"skip":true},"36":{"start":{"line":125,"column":12},"end":{"line":140,"column":14},"skip":true},"37":{"start":{"line":126,"column":16},"end":{"line":126,"column":28},"skip":true},"38":{"start":{"line":127,"column":16},"end":{"line":127,"column":69},"skip":true},"39":{"start":{"line":128,"column":16},"end":{"line":128,"column":75},"skip":true},"40":{"start":{"line":129,"column":16},"end":{"line":131,"column":17},"skip":true},"41":{"start":{"line":130,"column":20},"end":{"line":130,"column":27},"skip":true},"42":{"start":{"line":133,"column":16},"end":{"line":137,"column":36},"skip":true},"43":{"start":{"line":134,"column":20},"end":{"line":136,"column":55},"skip":true},"44":{"start":{"line":139,"column":16},"end":{"line":139,"column":57},"skip":true},"45":{"start":{"line":143,"column":8},"end":{"line":147,"column":11},"skip":true},"46":{"start":{"line":144,"column":12},"end":{"line":146,"column":15},"skip":true},"47":{"start":{"line":145,"column":16},"end":{"line":145,"column":70},"skip":true},"48":{"start":{"line":149,"column":8},"end":{"line":149,"column":31},"skip":true},"49":{"start":{"line":150,"column":8},"end":{"line":150,"column":14},"skip":true},"50":{"start":{"line":158,"column":8},"end":{"line":158,"column":31},"skip":true},"51":{"start":{"line":160,"column":8},"end":{"line":160,"column":33},"skip":true},"52":{"start":{"line":161,"column":8},"end":{"line":161,"column":37},"skip":true},"53":{"start":{"line":162,"column":8},"end":{"line":162,"column":35},"skip":true},"54":{"start":{"line":164,"column":8},"end":{"line":164,"column":50},"skip":true},"55":{"start":{"line":166,"column":8},"end":{"line":256,"column":2},"skip":true},"56":{"start":{"line":258,"column":8},"end":{"line":286,"column":9},"skip":true},"57":{"start":{"line":259,"column":12},"end":{"line":269,"column":14},"skip":true},"58":{"start":{"line":271,"column":12},"end":{"line":285,"column":19},"skip":true},"59":{"start":{"line":274,"column":20},"end":{"line":274,"column":35},"skip":true},"60":{"start":{"line":275,"column":20},"end":{"line":284,"column":21},"skip":true},"61":{"start":{"line":277,"column":24},"end":{"line":277,"column":64},"skip":true},"62":{"start":{"line":279,"column":24},"end":{"line":279,"column":40},"skip":true},"63":{"start":{"line":281,"column":24},"end":{"line":281,"column":40},"skip":true},"64":{"start":{"line":283,"column":24},"end":{"line":283,"column":39},"skip":true},"65":{"start":{"line":288,"column":8},"end":{"line":290,"column":9},"skip":true},"66":{"start":{"line":289,"column":12},"end":{"line":289,"column":18},"skip":true},"67":{"start":{"line":291,"column":8},"end":{"line":293,"column":54},"skip":true},"68":{"start":{"line":296,"column":8},"end":{"line":301,"column":37},"skip":true},"69":{"start":{"line":303,"column":8},"end":{"line":303,"column":82},"skip":true},"70":{"start":{"line":306,"column":8},"end":{"line":308,"column":9},"skip":true},"71":{"start":{"line":307,"column":12},"end":{"line":307,"column":82},"skip":true},"72":{"start":{"line":310,"column":8},"end":{"line":312,"column":9},"skip":true},"73":{"start":{"line":311,"column":12},"end":{"line":311,"column":18},"skip":true},"74":{"start":{"line":313,"column":8},"end":{"line":313,"column":54},"skip":true},"75":{"start":{"line":314,"column":8},"end":{"line":314,"column":69},"skip":true},"76":{"start":{"line":315,"column":8},"end":{"line":323,"column":36},"skip":true},"77":{"start":{"line":316,"column":12},"end":{"line":316,"column":61},"skip":true},"78":{"start":{"line":317,"column":12},"end":{"line":320,"column":13},"skip":true},"79":{"start":{"line":318,"column":16},"end":{"line":318,"column":75},"skip":true},"80":{"start":{"line":319,"column":16},"end":{"line":319,"column":23},"skip":true},"81":{"start":{"line":321,"column":12},"end":{"line":321,"column":38},"skip":true},"82":{"start":{"line":322,"column":12},"end":{"line":322,"column":27},"skip":true},"83":{"start":{"line":324,"column":8},"end":{"line":324,"column":14},"skip":true}},"branchMap":{"1":{"line":39,"type":"binary-expr","locations":[{"start":{"line":39,"column":23},"end":{"line":39,"column":62}},{"start":{"line":40,"column":20},"end":{"line":40,"column":70}},{"start":{"line":41,"column":20},"end":{"line":41,"column":71}},{"start":{"line":42,"column":20},"end":{"line":42,"column":29}}]},"2":{"line":44,"type":"binary-expr","locations":[{"start":{"line":44,"column":23},"end":{"line":44,"column":37}},{"start":{"line":45,"column":20},"end":{"line":45,"column":61}},{"start":{"line":46,"column":20},"end":{"line":46,"column":70}},{"start":{"line":47,"column":20},"end":{"line":47,"column":26}}]},"3":{"line":51,"type":"cond-expr","locations":[{"start":{"line":52,"column":14},"end":{"line":52,"column":20}},{"start":{"line":53,"column":14},"end":{"line":53,"column":20}}]},"4":{"line":55,"type":"binary-expr","locations":[{"start":{"line":55,"column":16},"end":{"line":55,"column":44}},{"start":{"line":55,"column":49},"end":{"line":57,"column":43}}]},"5":{"line":55,"type":"cond-expr","locations":[{"start":{"line":56,"column":14},"end":{"line":56,"column":47}},{"start":{"line":57,"column":14},"end":{"line":57,"column":43}}]},"6":{"line":61,"type":"switch","locations":[{"start":{"line":68,"column":4},"end":{"line":150,"column":14},"skip":true},{"start":{"line":156,"column":4},"end":{"line":324,"column":14},"skip":true}]},"7":{"line":70,"type":"if","locations":[{"start":{"line":70,"column":12},"end":{"line":70,"column":12},"skip":true},{"start":{"line":70,"column":12},"end":{"line":70,"column":12},"skip":true}]},"8":{"line":70,"type":"binary-expr","locations":[{"start":{"line":70,"column":16},"end":{"line":70,"column":22},"skip":true},{"start":{"line":70,"column":27},"end":{"line":70,"column":32},"skip":true},{"start":{"line":71,"column":20},"end":{"line":71,"column":39},"skip":true},{"start":{"line":72,"column":20},"end":{"line":72,"column":49},"skip":true},{"start":{"line":73,"column":20},"end":{"line":73,"column":58},"skip":true},{"start":{"line":74,"column":20},"end":{"line":74,"column":69},"skip":true}]},"9":{"line":79,"type":"switch","locations":[{"start":{"line":80,"column":20},"end":{"line":80,"column":33},"skip":true},{"start":{"line":81,"column":20},"end":{"line":83,"column":30},"skip":true},{"start":{"line":84,"column":20},"end":{"line":85,"column":49},"skip":true}]},"10":{"line":89,"type":"switch","locations":[{"start":{"line":90,"column":12},"end":{"line":103,"column":22},"skip":true},{"start":{"line":105,"column":12},"end":{"line":106,"column":22},"skip":true}]},"11":{"line":89,"type":"binary-expr","locations":[{"start":{"line":89,"column":20},"end":{"line":89,"column":25},"skip":true},{"start":{"line":89,"column":29},"end":{"line":89,"column":48},"skip":true},{"start":{"line":89,"column":52},"end":{"line":89,"column":74},"skip":true}]},"12":{"line":92,"type":"if","locations":[{"start":{"line":92,"column":16},"end":{"line":92,"column":16},"skip":true},{"start":{"line":92,"column":16},"end":{"line":92,"column":16},"skip":true}]},"13":{"line":108,"type":"if","locations":[{"start":{"line":108,"column":12},"end":{"line":108,"column":12},"skip":true},{"start":{"line":108,"column":12},"end":{"line":108,"column":12},"skip":true}]},"14":{"line":108,"type":"binary-expr","locations":[{"start":{"line":108,"column":16},"end":{"line":108,"column":61},"skip":true},{"start":{"line":108,"column":66},"end":{"line":108,"column":72},"skip":true},{"start":{"line":108,"column":77},"end":{"line":108,"column":82},"skip":true},{"start":{"line":109,"column":20},"end":{"line":109,"column":39},"skip":true},{"start":{"line":110,"column":20},"end":{"line":110,"column":49},"skip":true},{"start":{"line":111,"column":20},"end":{"line":111,"column":58},"skip":true},{"start":{"line":112,"column":20},"end":{"line":112,"column":68},"skip":true}]},"15":{"line":129,"type":"if","locations":[{"start":{"line":129,"column":16},"end":{"line":129,"column":16},"skip":true},{"start":{"line":129,"column":16},"end":{"line":129,"column":16},"skip":true}]},"16":{"line":134,"type":"cond-expr","locations":[{"start":{"line":135,"column":26},"end":{"line":135,"column":29},"skip":true},{"start":{"line":136,"column":26},"end":{"line":136,"column":54},"skip":true}]},"17":{"line":164,"type":"binary-expr","locations":[{"start":{"line":164,"column":27},"end":{"line":164,"column":43},"skip":true},{"start":{"line":164,"column":47},"end":{"line":164,"column":49},"skip":true}]},"18":{"line":258,"type":"if","locations":[{"start":{"line":258,"column":8},"end":{"line":258,"column":8},"skip":true},{"start":{"line":258,"column":8},"end":{"line":258,"column":8},"skip":true}]},"19":{"line":275,"type":"switch","locations":[{"start":{"line":276,"column":20},"end":{"line":277,"column":64},"skip":true},{"start":{"line":278,"column":20},"end":{"line":279,"column":40},"skip":true},{"start":{"line":280,"column":20},"end":{"line":281,"column":40},"skip":true},{"start":{"line":282,"column":20},"end":{"line":283,"column":39},"skip":true}]},"20":{"line":288,"type":"if","locations":[{"start":{"line":288,"column":8},"end":{"line":288,"column":8},"skip":true},{"start":{"line":288,"column":8},"end":{"line":288,"column":8},"skip":true}]},"21":{"line":288,"type":"binary-expr","locations":[{"start":{"line":288,"column":12},"end":{"line":288,"column":40},"skip":true},{"start":{"line":288,"column":44},"end":{"line":288,"column":67},"skip":true}]},"22":{"line":292,"type":"binary-expr","locations":[{"start":{"line":292,"column":12},"end":{"line":292,"column":50},"skip":true},{"start":{"line":293,"column":12},"end":{"line":293,"column":53},"skip":true}]},"23":{"line":297,"type":"binary-expr","locations":[{"start":{"line":297,"column":12},"end":{"line":297,"column":61},"skip":true},{"start":{"line":298,"column":12},"end":{"line":301,"column":36},"skip":true}]},"24":{"line":303,"type":"binary-expr","locations":[{"start":{"line":303,"column":43},"end":{"line":303,"column":75},"skip":true},{"start":{"line":303,"column":79},"end":{"line":303,"column":81},"skip":true}]},"25":{"line":306,"type":"if","locations":[{"start":{"line":306,"column":8},"end":{"line":306,"column":8},"skip":true},{"start":{"line":306,"column":8},"end":{"line":306,"column":8},"skip":true}]},"26":{"line":310,"type":"if","locations":[{"start":{"line":310,"column":8},"end":{"line":310,"column":8},"skip":true},{"start":{"line":310,"column":8},"end":{"line":310,"column":8},"skip":true}]},"27":{"line":313,"type":"binary-expr","locations":[{"start":{"line":313,"column":27},"end":{"line":313,"column":43},"skip":true},{"start":{"line":313,"column":47},"end":{"line":313,"column":53},"skip":true}]},"28":{"line":317,"type":"if","locations":[{"start":{"line":317,"column":12},"end":{"line":317,"column":12},"skip":true},{"start":{"line":317,"column":12},"end":{"line":317,"column":12},"skip":true}]}},"code":["/*","example.js","","quickstart example","","instruction","    1. save this script as example.js","    2. run the shell command:","        $ npm install npmtest-rho && PORT=8081 node example.js","    3. play with the browser-demo on http://127.0.0.1:8081","*/","","","","/* istanbul instrument in package npmtest_rho */","/*jslint","    bitwise: true,","    browser: true,","    maxerr: 8,","    maxlen: 96,","    node: true,","    nomen: true,","    regexp: true,","    stupid: true","*/","(function () {","    'use strict';","    var local;","","","","    // run shared js-env code - init-before","    (function () {","        // init local","        local = {};","        // init modeJs","        local.modeJs = (function () {","            try {","                return typeof navigator.userAgent === 'string' &&","                    typeof document.querySelector('body') === 'object' &&","                    typeof XMLHttpRequest.prototype.open === 'function' &&","                    'browser';","            } catch (errorCaughtBrowser) {","                return module.exports &&","                    typeof process.versions.node === 'string' &&","                    typeof require('http').createServer === 'function' &&","                    'node';","            }","        }());","        // init global","        local.global = local.modeJs === 'browser'","            ? window","            : global;","        // init utility2_rollup","        local = local.global.utility2_rollup || (local.modeJs === 'browser'","            ? local.global.utility2_npmtest_rho","            : global.utility2_moduleExports);","        // export local","        local.global.local = local;","    }());","    switch (local.modeJs) {","","","","    // init-after","    // run browser js-env code - init-after","    /* istanbul ignore next */","    case 'browser':","        local.testRunBrowser = function (event) {","            if (!event || (event &&","                    event.currentTarget &&","                    event.currentTarget.className &&","                    event.currentTarget.className.includes &&","                    event.currentTarget.className.includes('onreset'))) {","                // reset output","                Array.from(","                    document.querySelectorAll('body > .resettable')","                ).forEach(function (element) {","                    switch (element.tagName) {","                    case 'INPUT':","                    case 'TEXTAREA':","                        element.value = '';","                        break;","                    default:","                        element.textContent = '';","                    }","                });","            }","            switch (event && event.currentTarget && event.currentTarget.id) {","            case 'testRunButton1':","                // show tests","                if (document.querySelector('#testReportDiv1').style.display === 'none') {","                    document.querySelector('#testReportDiv1').style.display = 'block';","                    document.querySelector('#testRunButton1').textContent =","                        'hide internal test';","                    local.modeTest = true;","                    local.testRunDefault(local);","                // hide tests","                } else {","                    document.querySelector('#testReportDiv1').style.display = 'none';","                    document.querySelector('#testRunButton1').textContent = 'run internal test';","                }","                break;","            // custom-case","            default:","                break;","            }","            if (document.querySelector('#inputTextareaEval1') && (!event || (event &&","                    event.currentTarget &&","                    event.currentTarget.className &&","                    event.currentTarget.className.includes &&","                    event.currentTarget.className.includes('oneval')))) {","                // try to eval input-code","                try {","                    /*jslint evil: true*/","                    eval(document.querySelector('#inputTextareaEval1').value);","                } catch (errorCaught) {","                    console.error(errorCaught);","                }","            }","        };","        // log stderr and stdout to #outputTextareaStdout1","        ['error', 'log'].forEach(function (key) {","            console[key + '_original'] = console[key];","            console[key] = function () {","                var element;","                console[key + '_original'].apply(console, arguments);","                element = document.querySelector('#outputTextareaStdout1');","                if (!element) {","                    return;","                }","                // append text to #outputTextareaStdout1","                element.value += Array.from(arguments).map(function (arg) {","                    return typeof arg === 'string'","                        ? arg","                        : JSON.stringify(arg, null, 4);","                }).join(' ') + '\\n';","                // scroll textarea to bottom","                element.scrollTop = element.scrollHeight;","            };","        });","        // init event-handling","        ['change', 'click', 'keyup'].forEach(function (event) {","            Array.from(document.querySelectorAll('.on' + event)).forEach(function (element) {","                element.addEventListener(event, local.testRunBrowser);","            });","        });","        // run tests","        local.testRunBrowser();","        break;","","","","    // run node js-env code - init-after","    /* istanbul ignore next */","    case 'node':","        // export local","        module.exports = local;","        // require modules","        local.fs = require('fs');","        local.http = require('http');","        local.url = require('url');","        // init assets","        local.assetsDict = local.assetsDict || {};","        /* jslint-ignore-begin */","        local.assetsDict['/assets.index.template.html'] = '\\","<!doctype html>\\n\\","<html lang=\"en\">\\n\\","<head>\\n\\","<meta charset=\"UTF-8\">\\n\\","<meta name=\"viewport\" content=\"width=device-width, initial-scale=1\">\\n\\","<title>{{env.npm_package_name}} (v{{env.npm_package_version}})</title>\\n\\","<style>\\n\\","/*csslint\\n\\","    box-sizing: false,\\n\\","    universal-selector: false\\n\\","*/\\n\\","* {\\n\\","    box-sizing: border-box;\\n\\","}\\n\\","body {\\n\\","    background: #dde;\\n\\","    font-family: Arial, Helvetica, sans-serif;\\n\\","    margin: 2rem;\\n\\","}\\n\\","body > * {\\n\\","    margin-bottom: 1rem;\\n\\","}\\n\\",".utility2FooterDiv {\\n\\","    margin-top: 20px;\\n\\","    text-align: center;\\n\\","}\\n\\","</style>\\n\\","<style>\\n\\","/*csslint\\n\\","*/\\n\\","textarea {\\n\\","    font-family: monospace;\\n\\","    height: 10rem;\\n\\","    width: 100%;\\n\\","}\\n\\","textarea[readonly] {\\n\\","    background: #ddd;\\n\\","}\\n\\","</style>\\n\\","</head>\\n\\","<body>\\n\\","<!-- utility2-comment\\n\\","<div id=\"ajaxProgressDiv1\" style=\"background: #d00; height: 2px; left: 0; margin: 0; padding: 0; position: fixed; top: 0; transition: background 0.5s, width 1.5s; width: 25%;\"></div>\\n\\","utility2-comment -->\\n\\","<h1>\\n\\","<!-- utility2-comment\\n\\","    <a\\n\\","        {{#if env.npm_package_homepage}}\\n\\","        href=\"{{env.npm_package_homepage}}\"\\n\\","        {{/if env.npm_package_homepage}}\\n\\","        target=\"_blank\"\\n\\","    >\\n\\","utility2-comment -->\\n\\","        {{env.npm_package_name}} (v{{env.npm_package_version}})\\n\\","<!-- utility2-comment\\n\\","    </a>\\n\\","utility2-comment -->\\n\\","</h1>\\n\\","<h3>{{env.npm_package_description}}</h3>\\n\\","<!-- utility2-comment\\n\\","<h4><a download href=\"assets.app.js\">download standalone app</a></h4>\\n\\","<button class=\"onclick onreset\" id=\"testRunButton1\">run internal test</button><br>\\n\\","<div id=\"testReportDiv1\" style=\"display: none;\"></div>\\n\\","utility2-comment -->\\n\\","\\n\\","\\n\\","\\n\\","<label>stderr and stdout</label>\\n\\","<textarea class=\"resettable\" id=\"outputTextareaStdout1\" readonly></textarea>\\n\\","<!-- utility2-comment\\n\\","{{#if isRollup}}\\n\\","<script src=\"assets.app.js\"></script>\\n\\","{{#unless isRollup}}\\n\\","utility2-comment -->\\n\\","<script src=\"assets.utility2.rollup.js\"></script>\\n\\","<script src=\"jsonp.utility2._stateInit?callback=window.utility2._stateInit\"></script>\\n\\","<script src=\"assets.npmtest_rho.rollup.js\"></script>\\n\\","<script src=\"assets.example.js\"></script>\\n\\","<script src=\"assets.test.js\"></script>\\n\\","<!-- utility2-comment\\n\\","{{/if isRollup}}\\n\\","utility2-comment -->\\n\\","<div class=\"utility2FooterDiv\">\\n\\","    [ this app was created with\\n\\","    <a href=\"https://github.com/kaizhu256/node-utility2\" target=\"_blank\">utility2</a>\\n\\","    ]\\n\\","</div>\\n\\","</body>\\n\\","</html>\\n\\","';","        /* jslint-ignore-end */","        if (local.templateRender) {","            local.assetsDict['/'] = local.templateRender(","                local.assetsDict['/assets.index.template.html'],","                {","                    env: local.objectSetDefault(local.env, {","                        npm_package_description: 'the greatest app in the world!',","                        npm_package_name: 'my-app',","                        npm_package_nameAlias: 'my_app',","                        npm_package_version: '0.0.1'","                    })","                }","            );","        } else {","            local.assetsDict['/'] = local.assetsDict['/assets.index.template.html']","                .replace((/\\{\\{env\\.(\\w+?)\\}\\}/g), function (match0, match1) {","                    // jslint-hack","                    String(match0);","                    switch (match1) {","                    case 'npm_package_description':","                        return 'the greatest app in the world!';","                    case 'npm_package_name':","                        return 'my-app';","                    case 'npm_package_nameAlias':","                        return 'my_app';","                    case 'npm_package_version':","                        return '0.0.1';","                    }","                });","        }","        // run the cli","        if (local.global.utility2_rollup || module !== require.main) {","            break;","        }","        local.assetsDict['/assets.example.js'] =","            local.assetsDict['/assets.example.js'] ||","            local.fs.readFileSync(__filename, 'utf8');","        // bug-workaround - long $npm_package_buildCustomOrg","        /* jslint-ignore-begin */","        local.assetsDict['/assets.npmtest_rho.rollup.js'] =","            local.assetsDict['/assets.npmtest_rho.rollup.js'] ||","            local.fs.readFileSync(","                local.npmtest_rho.__dirname + '/lib.npmtest_rho.js',","                'utf8'","            ).replace((/^#!/), '//');","        /* jslint-ignore-end */","        local.assetsDict['/favicon.ico'] = local.assetsDict['/favicon.ico'] || '';","        // if $npm_config_timeout_exit exists,","        // then exit this process after $npm_config_timeout_exit ms","        if (Number(process.env.npm_config_timeout_exit)) {","            setTimeout(process.exit, Number(process.env.npm_config_timeout_exit));","        }","        // start server","        if (local.global.utility2_serverHttp1) {","            break;","        }","        process.env.PORT = process.env.PORT || '8081';","        console.error('server starting on port ' + process.env.PORT);","        local.http.createServer(function (request, response) {","            request.urlParsed = local.url.parse(request.url);","            if (local.assetsDict[request.urlParsed.pathname] !== undefined) {","                response.end(local.assetsDict[request.urlParsed.pathname]);","                return;","            }","            response.statusCode = 404;","            response.end();","        }).listen(process.env.PORT);","        break;","    }","}());",""],"l":{"26":2,"28":2,"33":2,"35":2,"37":2,"38":2,"39":2,"44":1,"51":2,"55":2,"59":2,"61":2,"69":1,"70":2,"76":2,"79":2,"82":2,"83":2,"85":1,"89":2,"92":1,"93":1,"94":1,"96":1,"97":1,"100":1,"101":1,"103":1,"106":1,"108":2,"114":1,"116":1,"118":1,"123":1,"124":2,"125":2,"126":3,"127":3,"128":3,"129":3,"130":1,"133":3,"134":3,"139":3,"143":1,"144":3,"145":1,"149":1,"150":1,"158":1,"160":1,"161":1,"162":1,"164":1,"166":1,"258":1,"259":1,"271":1,"274":6,"275":6,"277":1,"279":2,"281":1,"283":2,"288":1,"289":1,"291":1,"296":1,"303":1,"306":1,"307":1,"310":1,"311":1,"313":1,"314":1,"315":1,"316":1,"317":1,"318":1,"319":1,"321":1,"322":1,"324":1}},"/home/travis/build/npmtest/node-npmtest-rho/node_modules/rho/lib/rho.js":{"path":"/home/travis/build/npmtest/node-npmtest-rho/node_modules/rho/lib/rho.js","s":{"1":1,"2":1,"3":0,"4":0,"5":0,"6":0,"7":0,"8":0},"b":{"1":[0,0]},"f":{"1":0,"2":0,"3":0},"fnMap":{"1":{"name":"(anonymous_1)","line":41,"loc":{"start":{"line":41,"column":10},"end":{"line":41,"column":33}}},"2":{"name":"(anonymous_2)","line":48,"loc":{"start":{"line":48,"column":16},"end":{"line":48,"column":31}}},"3":{"name":"(anonymous_3)","line":52,"loc":{"start":{"line":52,"column":10},"end":{"line":52,"column":31}}}},"statementMap":{"1":{"start":{"line":3,"column":0},"end":{"line":7,"column":37}},"2":{"start":{"line":37,"column":0},"end":{"line":64,"column":2}},"3":{"start":{"line":42,"column":4},"end":{"line":42,"column":62}},"4":{"start":{"line":43,"column":4},"end":{"line":44,"column":78}},"5":{"start":{"line":44,"column":6},"end":{"line":44,"column":78}},"6":{"start":{"line":45,"column":4},"end":{"line":45,"column":18}},"7":{"start":{"line":49,"column":4},"end":{"line":49,"column":57}},"8":{"start":{"line":53,"column":4},"end":{"line":53,"column":55}}},"branchMap":{"1":{"line":43,"type":"if","locations":[{"start":{"line":43,"column":4},"end":{"line":43,"column":4}},{"start":{"line":43,"column":4},"end":{"line":43,"column":4}}]}},"code":["'use strict';","","var defaults = require(\"./defaults\")","  , BlockCompiler = require(\"./block\")","  , InlineCompiler = require(\"./inline\")","  , AsyncCompiler = require(\"./async\")","  , walklib = require(\"./walker.js\");","","/* # Rho module","","To minimize usage efforts Rho can be configured globally for your application.","","```","// Require the module first","var rho = require(\"rho\");","","// This is the text we will be rendering","var text = \"Hello\\n\\n*World*!\";","","// Asynchronous API (preferable in web applications)","rho.render(text, function(err, html) {","  // html now contains \"<p>Hello</p><p><strong>World</strong>!</p>\"","});","","// Synchronous API (still fast, but cause a bit of blocking)","var html = rho.toHtml(text);","// html now contains \"<p>Hello</p><p><strong>World</strong>!</p>\"","","// Inline compilation, synchronous only"," var inline = rho.toInlineHtml(text);"," // inline now contains \"Hello\\n\\n<strong>World</strong>!\"","```","","If you intent to use different configurations in a single application,","stick with either `BlockCompiler`, `InlineCompiler` or `AsyncCompiler`.","*/","module.exports = exports = {","","  options: defaults.options,","","  toHtml: function(text, pretty) {","    var result = new BlockCompiler(this.options).toHtml(text);","    if (pretty)","      result = require(\"html\").prettyPrint(result, { indent_size: 2 }) + \"\\n\";","    return result;","  },","","  toInlineHtml: function(text) {","    return new InlineCompiler(this.options).toHtml(text);","  },","","  render: function(text, done) {","    new AsyncCompiler(this.options).render(text, done);","  },","","  InlineCompiler: InlineCompiler,","  BlockCompiler: BlockCompiler,","  AsyncCompiler: AsyncCompiler,","  Walker: walklib.Walker,","  SubWalker: walklib.SubWalker,","  MultiWalker: walklib.MultiWalker,","  defaults: defaults","","};",""],"l":{"3":1,"37":1,"42":0,"43":0,"44":0,"45":0,"49":0,"53":0}},"/home/travis/build/npmtest/node-npmtest-rho/node_modules/rho/lib/defaults.js":{"path":"/home/travis/build/npmtest/node-npmtest-rho/node_modules/rho/lib/defaults.js","s":{"1":1,"2":0,"3":0},"b":{},"f":{"1":0,"2":0},"fnMap":{"1":{"name":"(anonymous_1)","line":5,"loc":{"start":{"line":5,"column":15},"end":{"line":5,"column":28}}},"2":{"name":"(anonymous_2)","line":9,"loc":{"start":{"line":9,"column":16},"end":{"line":9,"column":29}}}},"statementMap":{"1":{"start":{"line":3,"column":0},"end":{"line":30,"column":2}},"2":{"start":{"line":6,"column":4},"end":{"line":6,"column":16}},"3":{"start":{"line":10,"column":4},"end":{"line":10,"column":16}}},"branchMap":{},"code":["\"use strict\";","","exports.options = {","","  resolveLink: function(id) {","    return null;","  },","","  resolveImage: function(id) {","    return null;","  },","","  stripInvalidXmlChars: true,","","  typographics: {","","    enabled: true,","","    mdash: \"&mdash;\",","    copy: \"&copy;\",","    reg: \"&reg;\",","    trade: \"&trade;\",","    larr: \"&larr;\",","    rarr: \"&rarr;\",","    ldquo: \"&ldquo;\",","    rdquo: \"&rdquo;\"","","  }","","};"],"l":{"3":1,"6":0,"10":0}},"/home/travis/build/npmtest/node-npmtest-rho/node_modules/rho/lib/block.js":{"path":"/home/travis/build/npmtest/node-npmtest-rho/node_modules/rho/lib/block.js","s":{"1":1,"2":1,"3":0,"4":0,"5":1,"6":0,"7":0,"8":0,"9":0,"10":0,"11":0,"12":0,"13":0,"14":0,"15":0,"16":0,"17":0,"18":0,"19":0,"20":0,"21":0,"22":0,"23":0,"24":0,"25":0,"26":0,"27":0,"28":0,"29":0,"30":0,"31":0,"32":0,"33":0,"34":0,"35":0,"36":0,"37":0,"38":0,"39":0,"40":0,"41":0,"42":0,"43":0,"44":0,"45":0,"46":0,"47":0,"48":0,"49":0,"50":0,"51":0,"52":0,"53":0,"54":0,"55":0,"56":0,"57":0,"58":0,"59":0,"60":0,"61":0,"62":0,"63":0,"64":0,"65":0,"66":0,"67":0,"68":0,"69":0,"70":0,"71":0,"72":0,"73":0,"74":0,"75":0,"76":0,"77":0,"78":0,"79":0,"80":0,"81":0,"82":0,"83":0,"84":0,"85":0,"86":0,"87":0,"88":0,"89":0,"90":0,"91":0,"92":0,"93":0,"94":0,"95":0,"96":0,"97":0,"98":0,"99":0,"100":0,"101":0,"102":0,"103":0,"104":0,"105":0,"106":0,"107":0,"108":0,"109":0,"110":0,"111":0,"112":0,"113":0,"114":0,"115":0,"116":0,"117":0,"118":0,"119":0,"120":0,"121":0,"122":0,"123":0,"124":0,"125":0,"126":0,"127":0,"128":0,"129":0,"130":0,"131":0,"132":0,"133":0,"134":0,"135":0,"136":0,"137":0,"138":0,"139":0,"140":0,"141":0,"142":0,"143":0,"144":0,"145":0,"146":0,"147":0,"148":0,"149":0,"150":0,"151":0,"152":0,"153":0,"154":0,"155":0,"156":0,"157":0,"158":0,"159":0,"160":0,"161":0,"162":0,"163":0,"164":0,"165":0,"166":0,"167":0,"168":0,"169":0,"170":0,"171":0,"172":0,"173":0,"174":0,"175":0,"176":0,"177":0,"178":0,"179":0,"180":0,"181":0,"182":0,"183":0,"184":0,"185":0,"186":0,"187":0,"188":0,"189":0,"190":0,"191":0,"192":0,"193":0,"194":0,"195":0,"196":0,"197":0,"198":0,"199":0,"200":0,"201":0,"202":0,"203":0,"204":0,"205":0,"206":0,"207":0,"208":0,"209":0,"210":0,"211":0,"212":0,"213":0,"214":0,"215":0,"216":0,"217":0,"218":0,"219":0,"220":0,"221":0,"222":0,"223":0,"224":0,"225":0,"226":0,"227":0,"228":0,"229":0,"230":0,"231":0,"232":0,"233":0,"234":0,"235":0,"236":0,"237":0,"238":0,"239":0,"240":0,"241":0,"242":0,"243":0,"244":0,"245":0,"246":0,"247":0,"248":0,"249":0,"250":0,"251":0,"252":0,"253":0,"254":0,"255":0,"256":0,"257":0,"258":0,"259":0,"260":0,"261":0,"262":0,"263":0,"264":0,"265":0,"266":0,"267":0,"268":0,"269":0,"270":0,"271":0,"272":0,"273":0,"274":0,"275":0,"276":0,"277":0,"278":0,"279":0,"280":0,"281":0,"282":0,"283":0,"284":0,"285":0,"286":0,"287":0,"288":0,"289":0,"290":0,"291":0,"292":0,"293":0,"294":0,"295":0,"296":0,"297":0,"298":0,"299":0,"300":0,"301":0,"302":0,"303":0,"304":0,"305":0,"306":0,"307":0,"308":0,"309":0,"310":0,"311":0,"312":0,"313":0,"314":0,"315":0,"316":0,"317":0,"318":0,"319":0,"320":0,"321":0,"322":0,"323":0,"324":0,"325":0,"326":0,"327":0,"328":0,"329":0,"330":0,"331":0,"332":0,"333":0,"334":0,"335":0,"336":0,"337":0,"338":0,"339":0,"340":0,"341":0,"342":0,"343":0,"344":0,"345":0,"346":0,"347":0,"348":0,"349":0,"350":0,"351":0,"352":0,"353":0,"354":0,"355":0,"356":0,"357":0,"358":0,"359":0,"360":0,"361":0,"362":0,"363":0,"364":0,"365":0,"366":0,"367":0,"368":0,"369":0,"370":0,"371":0,"372":0,"373":0,"374":0,"375":0,"376":0,"377":0,"378":0,"379":0,"380":0,"381":0,"382":0,"383":0,"384":0,"385":0,"386":0,"387":0,"388":0,"389":0,"390":0,"391":0,"392":0,"393":0,"394":0,"395":0,"396":0,"397":0,"398":0,"399":1,"400":0,"401":0,"402":0,"403":0,"404":0,"405":0,"406":0,"407":0,"408":0,"409":0,"410":0,"411":0,"412":0,"413":0,"414":0,"415":0,"416":0,"417":0,"418":0,"419":0,"420":0,"421":0,"422":0,"423":0,"424":0,"425":0,"426":0,"427":0,"428":0,"429":0,"430":0,"431":0,"432":0,"433":0,"434":0,"435":0,"436":0,"437":0,"438":0,"439":0,"440":0,"441":0,"442":0,"443":0,"444":0,"445":0,"446":0,"447":0,"448":0,"449":0,"450":0,"451":0,"452":0,"453":0,"454":1,"455":1,"456":1,"457":1,"458":1},"b":{"1":[0,0],"2":[0,0],"3":[0,0],"4":[0,0],"5":[0,0],"6":[0,0],"7":[0,0],"8":[0,0],"9":[0,0],"10":[0,0],"11":[0,0],"12":[0,0],"13":[0,0],"14":[0,0],"15":[0,0,0,0],"16":[0,0],"17":[0,0],"18":[0,0],"19":[0,0],"20":[0,0],"21":[0,0],"22":[0,0],"23":[0,0],"24":[0,0],"25":[0,0],"26":[0,0],"27":[0,0],"28":[0,0],"29":[0,0],"30":[0,0],"31":[0,0],"32":[0,0],"33":[0,0],"34":[0,0],"35":[0,0],"36":[0,0],"37":[0,0],"38":[0,0],"39":[0,0],"40":[0,0],"41":[0,0],"42":[0,0],"43":[0,0],"44":[0,0],"45":[0,0],"46":[0,0],"47":[0,0],"48":[0,0],"49":[0,0],"50":[0,0],"51":[0,0],"52":[0,0],"53":[0,0],"54":[0,0],"55":[0,0],"56":[0,0,0],"57":[0,0],"58":[0,0],"59":[0,0],"60":[0,0],"61":[0,0],"62":[0,0],"63":[0,0],"64":[0,0],"65":[0,0],"66":[0,0],"67":[0,0],"68":[0,0],"69":[0,0],"70":[0,0],"71":[0,0],"72":[0,0],"73":[0,0],"74":[0,0],"75":[0,0],"76":[0,0],"77":[0,0],"78":[0,0],"79":[0,0],"80":[0,0],"81":[0,0],"82":[0,0],"83":[0,0],"84":[0,0],"85":[0,0],"86":[0,0],"87":[0,0],"88":[0,0],"89":[0,0],"90":[0,0],"91":[0,0]},"f":{"1":0,"2":0,"3":0,"4":0,"5":0,"6":0,"7":0,"8":0,"9":0,"10":0,"11":0,"12":0,"13":0,"14":0,"15":0,"16":0,"17":0,"18":0,"19":0,"20":0,"21":0,"22":0,"23":0,"24":0,"25":0,"26":0,"27":0,"28":0,"29":0,"30":0,"31":0,"32":0,"33":0,"34":0,"35":0,"36":0,"37":0,"38":0,"39":0,"40":0,"41":0,"42":0,"43":0},"fnMap":{"1":{"name":"(anonymous_1)","line":18,"loc":{"start":{"line":18,"column":4},"end":{"line":18,"column":22}}},"2":{"name":"(anonymous_2)","line":40,"loc":{"start":{"line":40,"column":10},"end":{"line":40,"column":26}}},"3":{"name":"(anonymous_3)","line":44,"loc":{"start":{"line":44,"column":9},"end":{"line":44,"column":20}}},"4":{"name":"(anonymous_4)","line":53,"loc":{"start":{"line":53,"column":10},"end":{"line":53,"column":26}}},"5":{"name":"(anonymous_5)","line":57,"loc":{"start":{"line":57,"column":17},"end":{"line":57,"column":32}}},"6":{"name":"(anonymous_6)","line":63,"loc":{"start":{"line":63,"column":15},"end":{"line":63,"column":26}}},"7":{"name":"(anonymous_7)","line":70,"loc":{"start":{"line":70,"column":13},"end":{"line":70,"column":28}}},"8":{"name":"(anonymous_8)","line":86,"loc":{"start":{"line":86,"column":14},"end":{"line":86,"column":29}}},"9":{"name":"(anonymous_9)","line":94,"loc":{"start":{"line":94,"column":20},"end":{"line":94,"column":35}}},"10":{"name":"(anonymous_10)","line":104,"loc":{"start":{"line":104,"column":17},"end":{"line":104,"column":56}}},"11":{"name":"(anonymous_11)","line":136,"loc":{"start":{"line":136,"column":17},"end":{"line":136,"column":32}}},"12":{"name":"(anonymous_12)","line":139,"loc":{"start":{"line":139,"column":29},"end":{"line":139,"column":41}}},"13":{"name":"(anonymous_13)","line":148,"loc":{"start":{"line":148,"column":20},"end":{"line":148,"column":35}}},"14":{"name":"(anonymous_14)","line":151,"loc":{"start":{"line":151,"column":29},"end":{"line":151,"column":41}}},"15":{"name":"(anonymous_15)","line":160,"loc":{"start":{"line":160,"column":20},"end":{"line":160,"column":35}}},"16":{"name":"(anonymous_16)","line":163,"loc":{"start":{"line":163,"column":29},"end":{"line":163,"column":41}}},"17":{"name":"(anonymous_17)","line":176,"loc":{"start":{"line":176,"column":16},"end":{"line":176,"column":27}}},"18":{"name":"(anonymous_18)","line":199,"loc":{"start":{"line":199,"column":16},"end":{"line":199,"column":31}}},"19":{"name":"(anonymous_19)","line":221,"loc":{"start":{"line":221,"column":12},"end":{"line":221,"column":27}}},"20":{"name":"(anonymous_20)","line":242,"loc":{"start":{"line":242,"column":10},"end":{"line":242,"column":25}}},"21":{"name":"(anonymous_21)","line":266,"loc":{"start":{"line":266,"column":20},"end":{"line":266,"column":35}}},"22":{"name":"(anonymous_22)","line":288,"loc":{"start":{"line":288,"column":10},"end":{"line":288,"column":25}}},"23":{"name":"(anonymous_23)","line":315,"loc":{"start":{"line":315,"column":18},"end":{"line":315,"column":33}}},"24":{"name":"(anonymous_24)","line":337,"loc":{"start":{"line":337,"column":21},"end":{"line":337,"column":36}}},"25":{"name":"(anonymous_25)","line":339,"loc":{"start":{"line":339,"column":26},"end":{"line":339,"column":38}}},"26":{"name":"(anonymous_26)","line":346,"loc":{"start":{"line":346,"column":10},"end":{"line":346,"column":25}}},"27":{"name":"(anonymous_27)","line":373,"loc":{"start":{"line":373,"column":10},"end":{"line":373,"column":25}}},"28":{"name":"(anonymous_28)","line":378,"loc":{"start":{"line":378,"column":27},"end":{"line":378,"column":39}}},"29":{"name":"(anonymous_29)","line":394,"loc":{"start":{"line":394,"column":21},"end":{"line":394,"column":36}}},"30":{"name":"(anonymous_30)","line":416,"loc":{"start":{"line":416,"column":10},"end":{"line":416,"column":25}}},"31":{"name":"(anonymous_31)","line":442,"loc":{"start":{"line":442,"column":12},"end":{"line":442,"column":27}}},"32":{"name":"(anonymous_32)","line":450,"loc":{"start":{"line":450,"column":27},"end":{"line":450,"column":39}}},"33":{"name":"(anonymous_33)","line":467,"loc":{"start":{"line":467,"column":14},"end":{"line":467,"column":29}}},"34":{"name":"(anonymous_34)","line":498,"loc":{"start":{"line":498,"column":11},"end":{"line":498,"column":26}}},"35":{"name":"(anonymous_35)","line":533,"loc":{"start":{"line":533,"column":22},"end":{"line":533,"column":46}}},"36":{"name":"(anonymous_36)","line":557,"loc":{"start":{"line":557,"column":14},"end":{"line":557,"column":29}}},"37":{"name":"(anonymous_37)","line":568,"loc":{"start":{"line":568,"column":10},"end":{"line":568,"column":25}}},"38":{"name":"(anonymous_38)","line":574,"loc":{"start":{"line":574,"column":13},"end":{"line":574,"column":28}}},"39":{"name":"(anonymous_39)","line":599,"loc":{"start":{"line":599,"column":25},"end":{"line":599,"column":40}}},"40":{"name":"processLine","line":631,"loc":{"start":{"line":631,"column":4},"end":{"line":631,"column":27}}},"41":{"name":"(anonymous_41)","line":645,"loc":{"start":{"line":645,"column":11},"end":{"line":645,"column":44}}},"42":{"name":"(anonymous_42)","line":667,"loc":{"start":{"line":667,"column":13},"end":{"line":667,"column":28}}},"43":{"name":"(anonymous_43)","line":696,"loc":{"start":{"line":696,"column":17},"end":{"line":696,"column":32}}}},"statementMap":{"1":{"start":{"line":3,"column":0},"end":{"line":6,"column":46}},"2":{"start":{"line":15,"column":0},"end":{"line":24,"column":2}},"3":{"start":{"line":20,"column":2},"end":{"line":20,"column":68}},"4":{"start":{"line":22,"column":2},"end":{"line":22,"column":15}},"5":{"start":{"line":36,"column":0},"end":{"line":709,"column":2}},"6":{"start":{"line":41,"column":4},"end":{"line":41,"column":52}},"7":{"start":{"line":45,"column":4},"end":{"line":45,"column":18}},"8":{"start":{"line":46,"column":4},"end":{"line":46,"column":23}},"9":{"start":{"line":47,"column":4},"end":{"line":47,"column":25}},"10":{"start":{"line":48,"column":4},"end":{"line":48,"column":62}},"11":{"start":{"line":49,"column":4},"end":{"line":49,"column":31}},"12":{"start":{"line":50,"column":4},"end":{"line":50,"column":16}},"13":{"start":{"line":54,"column":4},"end":{"line":54,"column":49}},"14":{"start":{"line":58,"column":4},"end":{"line":59,"column":27}},"15":{"start":{"line":59,"column":6},"end":{"line":59,"column":27}},"16":{"start":{"line":60,"column":4},"end":{"line":60,"column":16}},"17":{"start":{"line":64,"column":4},"end":{"line":64,"column":20}},"18":{"start":{"line":65,"column":4},"end":{"line":66,"column":28}},"19":{"start":{"line":66,"column":6},"end":{"line":66,"column":28}},"20":{"start":{"line":67,"column":4},"end":{"line":67,"column":18}},"21":{"start":{"line":71,"column":4},"end":{"line":71,"column":26}},"22":{"start":{"line":72,"column":4},"end":{"line":72,"column":32}},"23":{"start":{"line":73,"column":4},"end":{"line":73,"column":44}},"24":{"start":{"line":73,"column":37},"end":{"line":73,"column":44}},"25":{"start":{"line":74,"column":4},"end":{"line":74,"column":42}},"26":{"start":{"line":74,"column":35},"end":{"line":74,"column":42}},"27":{"start":{"line":75,"column":4},"end":{"line":75,"column":45}},"28":{"start":{"line":75,"column":38},"end":{"line":75,"column":45}},"29":{"start":{"line":76,"column":4},"end":{"line":76,"column":38}},"30":{"start":{"line":76,"column":31},"end":{"line":76,"column":38}},"31":{"start":{"line":77,"column":4},"end":{"line":77,"column":40}},"32":{"start":{"line":77,"column":33},"end":{"line":77,"column":40}},"33":{"start":{"line":78,"column":4},"end":{"line":78,"column":34}},"34":{"start":{"line":78,"column":27},"end":{"line":78,"column":34}},"35":{"start":{"line":79,"column":4},"end":{"line":79,"column":35}},"36":{"start":{"line":79,"column":28},"end":{"line":79,"column":35}},"37":{"start":{"line":80,"column":4},"end":{"line":80,"column":38}},"38":{"start":{"line":80,"column":31},"end":{"line":80,"column":38}},"39":{"start":{"line":81,"column":4},"end":{"line":81,"column":29}},"40":{"start":{"line":87,"column":4},"end":{"line":87,"column":37}},"41":{"start":{"line":88,"column":4},"end":{"line":88,"column":16}},"42":{"start":{"line":95,"column":4},"end":{"line":95,"column":25}},"43":{"start":{"line":96,"column":4},"end":{"line":99,"column":5}},"44":{"start":{"line":97,"column":6},"end":{"line":97,"column":28}},"45":{"start":{"line":98,"column":6},"end":{"line":98,"column":18}},"46":{"start":{"line":105,"column":4},"end":{"line":105,"column":23}},"47":{"start":{"line":106,"column":4},"end":{"line":106,"column":30}},"48":{"start":{"line":107,"column":4},"end":{"line":129,"column":5}},"49":{"start":{"line":108,"column":6},"end":{"line":111,"column":7}},"50":{"start":{"line":109,"column":8},"end":{"line":109,"column":21}},"51":{"start":{"line":110,"column":8},"end":{"line":110,"column":17}},"52":{"start":{"line":112,"column":6},"end":{"line":128,"column":25}},"53":{"start":{"line":113,"column":8},"end":{"line":113,"column":30}},"54":{"start":{"line":114,"column":8},"end":{"line":114,"column":20}},"55":{"start":{"line":115,"column":8},"end":{"line":115,"column":33}},"56":{"start":{"line":116,"column":8},"end":{"line":116,"column":45}},"57":{"start":{"line":117,"column":8},"end":{"line":117,"column":36}},"58":{"start":{"line":118,"column":8},"end":{"line":119,"column":16}},"59":{"start":{"line":119,"column":10},"end":{"line":119,"column":16}},"60":{"start":{"line":121,"column":8},"end":{"line":121,"column":33}},"61":{"start":{"line":124,"column":8},"end":{"line":127,"column":9}},"62":{"start":{"line":125,"column":10},"end":{"line":125,"column":32}},"63":{"start":{"line":126,"column":10},"end":{"line":126,"column":53}},"64":{"start":{"line":128,"column":13},"end":{"line":128,"column":25}},"65":{"start":{"line":131,"column":4},"end":{"line":131,"column":23}},"66":{"start":{"line":132,"column":4},"end":{"line":132,"column":26}},"67":{"start":{"line":133,"column":4},"end":{"line":133,"column":16}},"68":{"start":{"line":137,"column":4},"end":{"line":137,"column":36}},"69":{"start":{"line":137,"column":23},"end":{"line":137,"column":36}},"70":{"start":{"line":138,"column":4},"end":{"line":138,"column":16}},"71":{"start":{"line":139,"column":4},"end":{"line":143,"column":7}},"72":{"start":{"line":140,"column":6},"end":{"line":141,"column":17}},"73":{"start":{"line":141,"column":8},"end":{"line":141,"column":17}},"74":{"start":{"line":142,"column":6},"end":{"line":142,"column":24}},"75":{"start":{"line":144,"column":4},"end":{"line":144,"column":44}},"76":{"start":{"line":145,"column":4},"end":{"line":145,"column":16}},"77":{"start":{"line":149,"column":4},"end":{"line":149,"column":36}},"78":{"start":{"line":149,"column":23},"end":{"line":149,"column":36}},"79":{"start":{"line":150,"column":4},"end":{"line":150,"column":16}},"80":{"start":{"line":151,"column":4},"end":{"line":155,"column":7}},"81":{"start":{"line":152,"column":6},"end":{"line":153,"column":17}},"82":{"start":{"line":153,"column":8},"end":{"line":153,"column":17}},"83":{"start":{"line":154,"column":6},"end":{"line":154,"column":24}},"84":{"start":{"line":156,"column":4},"end":{"line":156,"column":47}},"85":{"start":{"line":157,"column":4},"end":{"line":157,"column":16}},"86":{"start":{"line":161,"column":4},"end":{"line":161,"column":36}},"87":{"start":{"line":161,"column":23},"end":{"line":161,"column":36}},"88":{"start":{"line":162,"column":4},"end":{"line":162,"column":16}},"89":{"start":{"line":163,"column":4},"end":{"line":167,"column":7}},"90":{"start":{"line":164,"column":6},"end":{"line":165,"column":17}},"91":{"start":{"line":165,"column":8},"end":{"line":165,"column":17}},"92":{"start":{"line":166,"column":6},"end":{"line":166,"column":24}},"93":{"start":{"line":168,"column":4},"end":{"line":169,"column":33}},"94":{"start":{"line":169,"column":6},"end":{"line":169,"column":33}},"95":{"start":{"line":170,"column":4},"end":{"line":170,"column":53}},"96":{"start":{"line":171,"column":4},"end":{"line":171,"column":16}},"97":{"start":{"line":178,"column":4},"end":{"line":180,"column":5}},"98":{"start":{"line":179,"column":6},"end":{"line":179,"column":56}},"99":{"start":{"line":182,"column":4},"end":{"line":184,"column":5}},"100":{"start":{"line":183,"column":6},"end":{"line":183,"column":62}},"101":{"start":{"line":186,"column":4},"end":{"line":194,"column":5}},"102":{"start":{"line":187,"column":6},"end":{"line":187,"column":33}},"103":{"start":{"line":188,"column":6},"end":{"line":188,"column":50}},"104":{"start":{"line":189,"column":6},"end":{"line":192,"column":7}},"105":{"start":{"line":190,"column":8},"end":{"line":190,"column":38}},"106":{"start":{"line":190,"column":19},"end":{"line":190,"column":38}},"107":{"start":{"line":191,"column":8},"end":{"line":191,"column":48}},"108":{"start":{"line":193,"column":6},"end":{"line":193,"column":26}},"109":{"start":{"line":200,"column":4},"end":{"line":200,"column":38}},"110":{"start":{"line":200,"column":25},"end":{"line":200,"column":38}},"111":{"start":{"line":201,"column":4},"end":{"line":201,"column":17}},"112":{"start":{"line":202,"column":4},"end":{"line":202,"column":33}},"113":{"start":{"line":203,"column":4},"end":{"line":203,"column":37}},"114":{"start":{"line":204,"column":4},"end":{"line":208,"column":5}},"115":{"start":{"line":206,"column":6},"end":{"line":206,"column":35}},"116":{"start":{"line":207,"column":6},"end":{"line":207,"column":19}},"117":{"start":{"line":209,"column":4},"end":{"line":209,"column":70}},"118":{"start":{"line":210,"column":4},"end":{"line":210,"column":26}},"119":{"start":{"line":211,"column":4},"end":{"line":211,"column":24}},"120":{"start":{"line":212,"column":4},"end":{"line":212,"column":29}},"121":{"start":{"line":213,"column":4},"end":{"line":213,"column":21}},"122":{"start":{"line":214,"column":4},"end":{"line":214,"column":35}},"123":{"start":{"line":215,"column":4},"end":{"line":215,"column":48}},"124":{"start":{"line":216,"column":4},"end":{"line":216,"column":16}},"125":{"start":{"line":222,"column":4},"end":{"line":222,"column":26}},"126":{"start":{"line":223,"column":4},"end":{"line":224,"column":34}},"127":{"start":{"line":224,"column":6},"end":{"line":224,"column":34}},"128":{"start":{"line":225,"column":4},"end":{"line":235,"column":5}},"129":{"start":{"line":226,"column":6},"end":{"line":234,"column":7}},"130":{"start":{"line":227,"column":8},"end":{"line":227,"column":27}},"131":{"start":{"line":228,"column":8},"end":{"line":229,"column":38}},"132":{"start":{"line":229,"column":10},"end":{"line":229,"column":38}},"133":{"start":{"line":230,"column":8},"end":{"line":231,"column":30}},"134":{"start":{"line":231,"column":10},"end":{"line":231,"column":30}},"135":{"start":{"line":233,"column":8},"end":{"line":233,"column":35}},"136":{"start":{"line":243,"column":4},"end":{"line":243,"column":38}},"137":{"start":{"line":243,"column":25},"end":{"line":243,"column":38}},"138":{"start":{"line":244,"column":4},"end":{"line":244,"column":17}},"139":{"start":{"line":245,"column":4},"end":{"line":245,"column":33}},"140":{"start":{"line":246,"column":4},"end":{"line":246,"column":37}},"141":{"start":{"line":247,"column":4},"end":{"line":251,"column":5}},"142":{"start":{"line":249,"column":6},"end":{"line":249,"column":35}},"143":{"start":{"line":250,"column":6},"end":{"line":250,"column":19}},"144":{"start":{"line":252,"column":4},"end":{"line":252,"column":70}},"145":{"start":{"line":253,"column":4},"end":{"line":253,"column":26}},"146":{"start":{"line":254,"column":4},"end":{"line":254,"column":24}},"147":{"start":{"line":255,"column":4},"end":{"line":255,"column":23}},"148":{"start":{"line":256,"column":4},"end":{"line":257,"column":24}},"149":{"start":{"line":257,"column":6},"end":{"line":257,"column":24}},"150":{"start":{"line":258,"column":4},"end":{"line":258,"column":30}},"151":{"start":{"line":259,"column":4},"end":{"line":259,"column":48}},"152":{"start":{"line":260,"column":4},"end":{"line":260,"column":16}},"153":{"start":{"line":267,"column":4},"end":{"line":267,"column":37}},"154":{"start":{"line":267,"column":24},"end":{"line":267,"column":37}},"155":{"start":{"line":268,"column":4},"end":{"line":268,"column":33}},"156":{"start":{"line":269,"column":4},"end":{"line":269,"column":22}},"157":{"start":{"line":271,"column":4},"end":{"line":281,"column":5}},"158":{"start":{"line":272,"column":6},"end":{"line":272,"column":43}},"159":{"start":{"line":273,"column":6},"end":{"line":280,"column":26}},"160":{"start":{"line":274,"column":8},"end":{"line":274,"column":30}},"161":{"start":{"line":275,"column":8},"end":{"line":275,"column":36}},"162":{"start":{"line":276,"column":8},"end":{"line":279,"column":9}},"163":{"start":{"line":277,"column":10},"end":{"line":277,"column":23}},"164":{"start":{"line":278,"column":10},"end":{"line":278,"column":28}},"165":{"start":{"line":280,"column":13},"end":{"line":280,"column":26}},"166":{"start":{"line":283,"column":4},"end":{"line":283,"column":84}},"167":{"start":{"line":284,"column":4},"end":{"line":284,"column":20}},"168":{"start":{"line":285,"column":4},"end":{"line":285,"column":16}},"169":{"start":{"line":289,"column":4},"end":{"line":289,"column":25}},"170":{"start":{"line":290,"column":4},"end":{"line":290,"column":24}},"171":{"start":{"line":291,"column":4},"end":{"line":291,"column":23}},"172":{"start":{"line":293,"column":4},"end":{"line":293,"column":17}},"173":{"start":{"line":294,"column":4},"end":{"line":294,"column":33}},"174":{"start":{"line":295,"column":4},"end":{"line":305,"column":5}},"175":{"start":{"line":296,"column":6},"end":{"line":296,"column":42}},"176":{"start":{"line":297,"column":6},"end":{"line":304,"column":7}},"177":{"start":{"line":299,"column":8},"end":{"line":299,"column":88}},"178":{"start":{"line":300,"column":8},"end":{"line":300,"column":24}},"179":{"start":{"line":302,"column":8},"end":{"line":302,"column":21}},"180":{"start":{"line":303,"column":8},"end":{"line":303,"column":33}},"181":{"start":{"line":307,"column":4},"end":{"line":307,"column":86}},"182":{"start":{"line":308,"column":4},"end":{"line":308,"column":22}},"183":{"start":{"line":310,"column":4},"end":{"line":310,"column":29}},"184":{"start":{"line":316,"column":4},"end":{"line":316,"column":38}},"185":{"start":{"line":316,"column":25},"end":{"line":316,"column":38}},"186":{"start":{"line":317,"column":4},"end":{"line":317,"column":33}},"187":{"start":{"line":318,"column":4},"end":{"line":318,"column":22}},"188":{"start":{"line":320,"column":4},"end":{"line":330,"column":5}},"189":{"start":{"line":321,"column":6},"end":{"line":321,"column":43}},"190":{"start":{"line":322,"column":6},"end":{"line":329,"column":26}},"191":{"start":{"line":323,"column":8},"end":{"line":323,"column":30}},"192":{"start":{"line":324,"column":8},"end":{"line":324,"column":36}},"193":{"start":{"line":325,"column":8},"end":{"line":328,"column":9}},"194":{"start":{"line":326,"column":10},"end":{"line":326,"column":23}},"195":{"start":{"line":327,"column":10},"end":{"line":327,"column":28}},"196":{"start":{"line":329,"column":13},"end":{"line":329,"column":26}},"197":{"start":{"line":332,"column":4},"end":{"line":332,"column":84}},"198":{"start":{"line":333,"column":4},"end":{"line":333,"column":20}},"199":{"start":{"line":334,"column":4},"end":{"line":334,"column":16}},"200":{"start":{"line":338,"column":4},"end":{"line":338,"column":38}},"201":{"start":{"line":338,"column":25},"end":{"line":338,"column":38}},"202":{"start":{"line":339,"column":4},"end":{"line":343,"column":7}},"203":{"start":{"line":340,"column":6},"end":{"line":341,"column":17}},"204":{"start":{"line":341,"column":8},"end":{"line":341,"column":17}},"205":{"start":{"line":342,"column":6},"end":{"line":342,"column":24}},"206":{"start":{"line":347,"column":4},"end":{"line":347,"column":25}},"207":{"start":{"line":348,"column":4},"end":{"line":348,"column":24}},"208":{"start":{"line":349,"column":4},"end":{"line":349,"column":23}},"209":{"start":{"line":351,"column":4},"end":{"line":351,"column":30}},"210":{"start":{"line":352,"column":4},"end":{"line":352,"column":33}},"211":{"start":{"line":353,"column":4},"end":{"line":363,"column":5}},"212":{"start":{"line":354,"column":6},"end":{"line":354,"column":42}},"213":{"start":{"line":355,"column":6},"end":{"line":362,"column":7}},"214":{"start":{"line":357,"column":8},"end":{"line":357,"column":88}},"215":{"start":{"line":358,"column":8},"end":{"line":358,"column":24}},"216":{"start":{"line":360,"column":8},"end":{"line":360,"column":34}},"217":{"start":{"line":361,"column":8},"end":{"line":361,"column":33}},"218":{"start":{"line":365,"column":4},"end":{"line":365,"column":86}},"219":{"start":{"line":366,"column":4},"end":{"line":366,"column":22}},"220":{"start":{"line":368,"column":4},"end":{"line":368,"column":29}},"221":{"start":{"line":374,"column":4},"end":{"line":374,"column":25}},"222":{"start":{"line":375,"column":4},"end":{"line":375,"column":24}},"223":{"start":{"line":376,"column":4},"end":{"line":376,"column":23}},"224":{"start":{"line":378,"column":4},"end":{"line":381,"column":7}},"225":{"star
[...]
"=\";","      if (!found)","        this.skip();","    }","    return this.substring(start, this.position);","  },","","  // scrolls to the end of the current line","  scrollToEol: function() {","    while (this.hasCurrent() && !this.atNewLine())","      this.skip();","    return this;","  },","","  // scrolls walker to the end of the block (EOL, followed by EOF or blank line)","  scrollToTerm: function() {","    var found = false;","    while(this.hasCurrent() && !found) {","      if (this.atNewLine()) {","        var i = this.position;","        if (this.skipNewLine().skipSpaces().atNewLine()) {","          this.startFrom(i);","          found = true;","        } else this.skip();","      } else this.skip();","    }","    return this;","  },","","  // scrolls walker up to the next occurrence of specified `cs`","  scrollTo: function(cs) {","    while (this.hasCurrent() && !this.at(cs))","      this.skip();","    return this;","  },","","  // scans forward, searching for `marker`, respecting backslashes,","  // returns the index or `null` if marker not found","  indexOf: function(marker) {","    return this.lookahead(function(w) {","      var found = false;","      while (!found && w.hasCurrent()) {","        if (w.at(\"\\\\\"))","          w.skip(2);","        else if (w.at(marker))","          found = true;","        else w.skip();","      }","      return found ? w.position : null;","    });","  },","","  /* ## Testing characters","","   Various methods are available to quickly test characters","   at current cursor position.","   */","","  // tests if cursor looks at specified `cs`","  at: function(cs) {","    var end = this.position + cs.length;","    if (end > this.length) return false;","    return this.substring(this.position, end) == cs;","  },","","  // tests if cursor looks at specified `cs`, case insensitively","  atInsensitive: function(cs) {","    var end = this.position + cs.length;","    if (end > this.length) return false;","    return this.substring(this.position, end).toLowerCase() ==","      cs.toLowerCase();","  },","","  // tests if current char is in specified `arr`","  matchSome: function(arr) {","    for (var i = 0; i < arr.length; i++) {","      if (this.at(arr[i]))","        return arr[i];","    }","    return null;","  },","","  // tests if cursor looks at digit","  atDigit: function() {","    var c = this.current();","    return c >= '0' && c <= '9';","  },","","  // skips digits","","  skipDigits: function() {","    while (this.atDigit())","      this.skip();","    return this;","  },","","  // tests if cursor looks at latin letter","  atLatin: function() {","    var c = this.current();","    return c >= 'A' && c <= 'z';","  },","","  // tests if cursor is at [a-zA-Z0-9_-]","  atIdentifier: function() {","    var c = this.current();","    return c >= '0' && c <= '9' || c >= 'A' && c <= 'z' || c == '_' || c == '-';","  },","","  // tests if cursor is positioned towards a new line","  atNewLine: function() {","    return this.at(\"\\r\\n\") ||","      this.at(\"\\n\") || this.at(\"\\r\");","  },","","  // skips exactly one new line, if `atNewLine`","  skipNewLine: function() {","    if (this.at(\"\\r\\n\"))","      this.skip(2);","    else if (this.atNewLine())","      this.skip();","    return this;","  },","","  // skips all new line tokens at cursor","  skipNewLines: function() {","    while (this.atNewLine())","      this.skipNewLine();","    return this;","  },","","  // tests if cursor is positioned towards an inline-level space","  atSpace: function() {","    return this.at(\" \") || this.at(\"\\t\")","  },","","  // tests if cursor looks at specified `count` of space chars","  atSpaces: function(count) {","    return this.lookahead(function(w) {","      for (var i = 0; i < count; i++) {","        if (!w.hasCurrent() || !w.at(\" \"))","          return false;","        w.skip();","      }","      return true;","    });","  },","","  // skips one space char if positioned towards one","  skipSpace: function() {","    if (this.atSpace())","      this.skip();","    return this;","  },","","  // skips all spaces at current cursor","  skipSpaces: function() {","    while (this.atSpace())","      this.skip();","    return this;","  },","","  // tests if cursor looks at any kind of whitespace","  atWhitespace: function() {","    return this.atNewLine() || this.atSpace();","  },","","  // skips one whitespace char at cursor position","  skipWhitespace: function() {","    var p = this.position;","    this.skipNewLine();","    if (this.position == p)","      this.skipSpace();","    return this;","  },","","  // skips all whitespace at current cursor position","  skipWhitespaces: function() {","    while(this.atWhitespace())","      this.skip();","    return this;","  },","","  // skips lines containing only whitespace characters up to","  // the beginning of the next line containing meaningful content","  skipBlankLines: function() {","    var finish = false;","    while(this.hasCurrent() && !finish) {","      var p = this.position;","      this.skipSpaces();","      if (this.atNewLine())","        this.skipNewLines();","      else {","        this.position = p;","        finish = true;","      }","    }","    return this;","  },","","  // skips to the end of the current line, returning it","  readLine: function() {","    var startIdx = this.position;","    this.scrollToEol().skipNewLine();","    return new SubWalker(this, startIdx, this.position);","  }","","};","","/* # Subsequence walker",""," `SubWalker` restricts the cursor to the portion of the source character"," sequence specified by `start` and `end` index."," */","var SubWalker = exports.SubWalker = function(cs, start, end) {","","  this.source = cs;","","  this.start = start;","  if (typeof(start) == \"undefined\" || this.start < 0)","    this.start = 0;","","  this.end = end;","  if (typeof(end) == \"undefined\" || this.end > cs.length)","    this.end = cs.length;","","  this.length = this.end - this.start;","","};","","SubWalker.prototype = extend({}, new Walker, {","","  charAt: function(i) {","    if (i >= this.length)","      return \"\";","    return this.source.charAt(this.start + i);","  },","","  substring: function(s, e) {","    if (typeof(e) == 'undefined')","      e = this.length;","    return this.source.substring(this.start + s, this.start + e);","  },","","  toString: function() {","    return this.source.substring(this.start, this.end);","  }","","});","","/* # Multi sequence walker",""," `MultiWalker` provides a virtual worker over specified `regions`."," */","var MultiWalker = exports.MultiWalker = function(regions) {","","  if (Array.isArray(regions))","    this.regions = regions;","  else this.regions = [ regions ];","","  var l = 0;","","  this.regions.forEach(function(r) {","    l += r.length;","  });","","  this.length = l;","","  this.string = (function() {","    var result = \"\";","    for (var i = 0; i < this.regions.length; i++)","      result += this.regions[i];","    return result;","  }).call(this);","","};","","MultiWalker.prototype = extend({}, new Walker, {","","  charAt: function(idx) {","    return this.string.charAt(idx);","  },","","  substring: function(s, e) {","    if (this.regions.length == 0)","      return \"\";","    return this.string.substring(s, e);","  },","","  toString: function() {","    return this.string;","  }","","});","",""],"l":{"3":1,"14":1,"16":2,"17":2,"19":2,"23":1,"37":0,"38":0,"39":0,"44":0,"45":0,"46":0,"52":0,"61":0,"62":0,"63":0,"64":0,"65":0,"66":0,"67":0,"68":0,"70":0,"71":0,"72":0,"83":0,"88":0,"93":0,"98":0,"99":0,"100":0,"101":0,"106":0,"111":0,"112":0,"117":0,"118":0,"124":0,"125":0,"126":0,"127":0,"132":0,"133":0,"134":0,"135":0,"136":0,"141":0,"142":0,"143":0,"144":0,"145":0,"149":0,"150":0,"152":0,"157":0,"158":0,"159":0,"164":0,"165":0,"166":0,"167":0,"168":0,"169":0,"170":0,"171":0,"172":0,"174":0,"179":0,"180":0,"181":0,"187":0,"188":0,"189":0,"190":0,"191":0,"192":0,"193":0,"194":0,"196":0,"208":0,"209":0,"210":0,"215":0,"216":0,"217":0,"223":0,"224":0,"225":0,"227":0,"232":0,"233":0,"239":0,"240":0,"241":0,"246":0,"247":0,"252":0,"253":0,"258":0,"264":0,"265":0,"266":0,"267":0,"268":0,"273":0,"274":0,"275":0,"280":0,"285":0,"286":0,"287":0,"288":0,"289":0,"291":0,"297":0,"298":0,"299":0,"304":0,"305":0,"306":0,"311":0,"316":0,"317":0,"318":0,"319":0,"320":0,"325":0,"326":0,"327":0,"333":0,"334":0,"335":0,"336":0,"337":0,"338":0,"340":0,"341":0,"344":0,"349":0,"350":0,"351":0,"361":1,"363":0,"365":0,"366":0,"367":0,"369":0,"370":0,"371":0,"373":0,"377":1,"380":0,"381":0,"382":0,"386":0,"387":0,"388":0,"392":0,"401":1,"403":0,"404":0,"405":0,"407":0,"409":0,"410":0,"413":0,"415":0,"416":0,"417":0,"418":0,"419":0,"424":1,"427":0,"431":0,"432":0,"433":0,"437":0}},"/home/travis/build/npmtest/node-npmtest-rho/node_modules/rho/lib/extend.js":{"path":"/home/travis/build/npmtest/node-npmtest-rho/node_modules/rho/lib/extend.js","s":{"1":1,"2":2,"3":2,"4":0,"5":2,"6":4,"7":4,"8":0,"9":4,"10":86,"11":86,"12":0,"13":86,"14":2},"b":{"1":[2,0],"2":[0,2],"3":[0,4],"4":[0,86]},"f":{"1":2},"fnMap":{"1":{"name":"(anonymous_1)","line":3,"loc":{"start":{"line":3,"column":30},"end":{"line":3,"column":41}}}},"statementMap":{"1":{"start":{"line":3,"column":0},"end":{"line":24,"column":2}},"2":{"start":{"line":4,"column":2},"end":{"line":5,"column":32}},"3":{"start":{"line":7,"column":2},"end":{"line":9,"column":3}},"4":{"start":{"line":8,"column":4},"end":{"line":8,"column":15}},"5":{"start":{"line":11,"column":2},"end":{"line":20,"column":3}},"6":{"start":{"line":12,"column":4},"end":{"line":12,"column":27}},"7":{"start":{"line":13,"column":4},"end":{"line":13,"column":23}},"8":{"start":{"line":13,"column":14},"end":{"line":13,"column":23}},"9":{"start":{"line":14,"column":4},"end":{"line":19,"column":5}},"10":{"start":{"line":15,"column":6},"end":{"line":15,"column":26}},"11":{"start":{"line":16,"column":6},"end":{"line":18,"column":32}},"12":{"start":{"line":17,"column":8},"end":{"line":17,"column":40}},"13":{"start":{"line":18,"column":13},"end":{"line":18,"column":32}},"14":{"start":{"line":22,"column":2},"end":{"line":22,"column":16}}},"branchMap":{"1":{"line":4,"type":"binary-expr","locations":[{"start":{"line":4,"column":15},"end":{"line":4,"column":27}},{"start":{"line":4,"column":31},"end":{"line":4,"column":33}}]},"2":{"line":7,"type":"if","locations":[{"start":{"line":7,"column":2},"end":{"line":7,"column":2}},{"start":{"line":7,"column":2},"end":{"line":7,"column":2}}]},"3":{"line":13,"type":"if","locations":[{"start":{"line":13,"column":4},"end":{"line":13,"column":4}},{"start":{"line":13,"column":4},"end":{"line":13,"column":4}}]},"4":{"line":16,"type":"if","locations":[{"start":{"line":16,"column":6},"end":{"line":16,"column":6}},{"start":{"line":16,"column":6},"end":{"line":16,"column":6}}]}},"code":["\"use strict\";","","var extend = module.exports = function() {","  var target = arguments[0] || {}","    , length = arguments.length;","","  if (typeof target != 'object') {","    target = {}","  }","","  for (var i = 1; i < length; i++) {","    var aug = arguments[i];","    if (!aug) continue;","    for (var k in aug) {","      var src = target[k];","      if (typeof src == 'object') {","        target[k] = extend(src, aug[k]);","      } else target[k] = aug[k];","    }","  }","","  return target;","","};"],"l":{"3":1,"4":2,"7":2,"8":0,"11":2,"12":4,"13":4,"14":4,"15":86,"16":86,"17":0,"18":86,"22":2}},"/home/travis/build/npmtest/node-npmtest-rho/node_modules/rho/lib/async.js":{"path":"/home/travis/build/npmtest/node-npmtest-rho/node_modules/rho/lib/async.js","s":{"1":1,"2":1,"3":0,"4":1,"5":0,"6":0,"7":0,"8":0,"9":0,"10":0,"11":0},"b":{"1":[0,0]},"f":{"1":0,"2":0,"3":0},"fnMap":{"1":{"name":"(anonymous_1)","line":18,"loc":{"start":{"line":18,"column":4},"end":{"line":18,"column":22}}},"2":{"name":"(anonymous_2)","line":39,"loc":{"start":{"line":39,"column":10},"end":{"line":39,"column":31}}},"3":{"name":"(anonymous_3)","line":45,"loc":{"start":{"line":45,"column":12},"end":{"line":45,"column":48}}}},"statementMap":{"1":{"start":{"line":3,"column":0},"end":{"line":6,"column":40}},"2":{"start":{"line":15,"column":0},"end":{"line":22,"column":2}},"3":{"start":{"line":20,"column":2},"end":{"line":20,"column":68}},"4":{"start":{"line":35,"column":0},"end":{"line":54,"column":2}},"5":{"start":{"line":40,"column":4},"end":{"line":40,"column":67}},"6":{"start":{"line":41,"column":4},"end":{"line":41,"column":32}},"7":{"start":{"line":42,"column":4},"end":{"line":42,"column":45}},"8":{"start":{"line":46,"column":4},"end":{"line":51,"column":5}},"9":{"start":{"line":47,"column":6},"end":{"line":47,"column":36}},"10":{"start":{"line":48,"column":6},"end":{"line":48,"column":76}},"11":{"start":{"line":50,"column":6},"end":{"line":50,"column":46}}},"branchMap":{"1":{"line":46,"type":"if","locations":[{"start":{"line":46,"column":4},"end":{"line":46,"column":4}},{"start":{"line":46,"column":4},"end":{"line":46,"column":4}}]}},"code":["'use strict';","","var defaults = require(\"./defaults\")","  , html = require(\"html\")","  , BlockCompiler = require(\"./block\")","  , Walker = require(\"./walker\").Walker;","","/* # Asynchronous block compiler",""," Unlike `BlockCompiler`, `AsyncCompiler` accepts callback"," which will be invoked once the computation is finished.",""," Each block is computed in event queue."," */","var AsyncCompiler","  = module.exports","  = exports","  = function(options) {","","  this.options = require(\"./extend\")({}, defaults.options, options);","","};","","/* Async compiler operates through `render` which accepts"," `text` to render and callback, which is invoked once"," the rendering is over:",""," ```"," var asyncCompiler = new AsyncCompiler();"," asyncCompiler.render(myText, function(err, html) {"," // Do something with rendered HTML"," });"," ```"," */","AsyncCompiler.prototype = {","","  BlockCompiler: BlockCompiler,","","  render: function(text, done) {","    var blockCompiler = new this.BlockCompiler(this.options, this);","    var walk = new Walker(text);","    this.nextTick(blockCompiler, walk, done);","  },","","  nextTick: function(blockCompiler, walk, done) {","    if (walk.hasCurrent()) {","      blockCompiler.emitBlock(walk);","      process.nextTick(this.nextTick.bind(this, blockCompiler, walk, done));","    } else {","      done(null, blockCompiler.outToString());","    }","  }","","};","","",""],"l":{"3":1,"15":1,"20":0,"35":1,"40":0,"41":0,"42":0,"46":0,"47":0,"48":0,"50":0}},"/home/travis/build/npmtest/node-npmtest-rho/node_modules/rho/Gruntfile.js":{"path":"/home/travis/build/npmtest/node-npmtest-rho/node_modules/rho/Gruntfile.js","s":{"1":1,"2":1,"3":0,"4":0,"5":1,"6":0,"7":0,"8":0,"9":0,"10":0,"11":0},"b":{},"f":{"1":0,"2":0,"3":0},"fnMap":{"1":{"name":"(anonymous_1)","line":5,"loc":{"start":{"line":5,"column":7},"end":{"line":5,"column":26}}},"2":{"name":"(anonymous_2)","line":8,"loc":{"start":{"line":8,"column":8},"end":{"line":8,"column":27}}},"3":{"name":"(anonymous_3)","line":13,"loc":{"start":{"line":13,"column":17},"end":{"line":13,"column":33}}}},"statementMap":{"1":{"start":{"line":1,"column":0},"end":{"line":2,"column":31}},"2":{"start":{"line":4,"column":0},"end":{"line":11,"column":2}},"3":{"start":{"line":6,"column":4},"end":{"line":6,"column":60}},"4":{"start":{"line":9,"column":4},"end":{"line":9,"column":43}},"5":{"start":{"line":13,"column":0},"end":{"line":61,"column":2}},"6":{"start":{"line":15,"column":2},"end":{"line":15,"column":48}},"7":{"start":{"line":17,"column":2},"end":{"line":53,"column":5}},"8":{"start":{"line":55,"column":2},"end":{"line":55,"column":41}},"9":{"start":{"line":56,"column":2},"end":{"line":56,"column":45}},"10":{"start":{"line":57,"column":2},"end":{"line":57,"column":43}},"11":{"start":{"line":59,"column":2},"end":{"line":59,"column":66}}},"branchMap":{},"code":["var fs = require(\"fs\")","  , rho = require(\"./lib/rho\");","","var texts = {","  src: function(filename) {","    return fs.readFileSync(filename, { encoding: 'utf-8' });","  },","  html: function(filename) {","    return rho.toHtml(texts.src(filename));","  }","};","","module.exports = function(grunt) {","","  var pkg = grunt.file.readJSON('package.json');","","  grunt.initConfig({","","    pkg: pkg,","","    browserify: {","      basic: {","        src: ['lib/browser.js'],","        dest: 'build/rho.js'","      }","    },","","    uglify: {","      options: {","        banner: '/*! Rho v.<%=pkg.version%> by <%=pkg.author%> */\\n'","      },","      build: {","        src: 'build/rho.js',","        dest: 'build/rho.min.js'","      }","    },","","    jade: {","      compile: {","        options: {","          pretty: true,","          data: {","            texts: texts,","            pkg: pkg","          }","        },","        files: {","          \"index.html\": \"pages/index.jade\",","        }","      }","    }","","  });","","  grunt.loadNpmTasks('grunt-browserify');","  grunt.loadNpmTasks('grunt-contrib-uglify');","  grunt.loadNpmTasks('grunt-contrib-jade');","","  grunt.registerTask('default', ['browserify', 'uglify', 'jade']);","","};",""],"l":{"1":1,"4":1,"6":0,"9":0,"13":1,"15":0,"17":0,"55":0,"56":0,"57":0,"59":0}},"/home/travis/build/npmtest/node-npmtest-rho/node_modules/rho/lib/amd.js":{"path":"/home/travis/build/npmtest/node-npmtest-rho/node_modules/rho/lib/amd.js","s":{"1":2,"2":0,"3":0,"4":0,"5":0,"6":0,"7":0,"8":0},"b":{},"f":{"1":0,"2":0,"3":0},"fnMap":{"1":{"name":"(anonymous_1)","line":1,"loc":{"start":{"line":1,"column":7},"end":{"line":1,"column":42}}},"2":{"name":"(anonymous_2)","line":9,"loc":{"start":{"line":9,"column":19},"end":{"line":9,"column":34}}},"3":{"name":"(anonymous_3)","line":13,"loc":{"start":{"line":13,"column":25},"end":{"line":13,"column":40}}}},"statementMap":{"1":{"start":{"line":1,"column":0},"end":{"line":17,"column":3}},"2":{"start":{"line":3,"column":2},"end":{"line":3,"column":42}},"3":{"start":{"line":5,"column":2},"end":{"line":5,"column":45}},"4":{"start":{"line":7,"column":2},"end":{"line":7,"column":47}},"5":{"start":{"line":9,"column":2},"end":{"line":11,"column":4}},"6":{"start":{"line":10,"column":4},"end":{"line":10,"column":60}},"7":{"start":{"line":13,"column":2},"end":{"line":15,"column":3}},"8":{"start":{"line":14,"column":4},"end":{"line":14,"column":61}}},"branchMap":{},"code":["define(function(require, exports, module) {","","  exports.options = require(\"./defaults\");","","  exports.BlockCompiler = require(\"./block\");","","  exports.InlineCompiler = require(\"./inline\");","","  exports.toHtml = function(text) {","    return new rho.BlockCompiler(this.options).toHtml(text);","  };","","  exports.toInlineHtml = function(text) {","    return new rho.InlineCompiler(this.options).toHtml(text);","  }","","});"],"l":{"1":2,"3":0,"5":0,"7":0,"9":0,"10":0,"13":0,"14":0}},"/home/travis/build/npmtest/node-npmtest-rho/node_modules/rho/lib/browser.js":{"path":"/home/travis/build/npmtest/node-npmtest-rho/node_modules/rho/lib/browser.js","s":{"1":2,"2":0,"3":0},"b":{},"f":{"1":0,"2":0},"fnMap":{"1":{"name":"(anonymous_1)","line":11,"loc":{"start":{"line":11,"column":10},"end":{"line":11,"column":25}}},"2":{"name":"(anonymous_2)","line":15,"loc":{"start":{"line":15,"column":16},"end":{"line":15,"column":31}}}},"statementMap":{"1":{"start":{"line":3,"column":0},"end":{"line":19,"column":2}},"2":{"start":{"line":12,"column":4},"end":{"line":12,"column":60}},"3":{"start":{"line":16,"column":4},"end":{"line":16,"column":61}}},"branchMap":{},"code":["/* # Rho for browser */","","window.rho = {","","  options: require(\"./defaults\"),","","  BlockCompiler: require(\"./block\"),","","  InlineCompiler: require(\"./inline\"),","","  toHtml: function(text) {","    return new rho.BlockCompiler(this.options).toHtml(text);","  },","","  toInlineHtml: function(text) {","    return new rho.InlineCompiler(this.options).toHtml(text);","  }","","};",""],"l":{"3":2,"12":0,"16":0}}}